[2025-04-12 15:00:41] [INFO] === Current Queue State ===
[2025-04-12 15:00:41] [INFO] High Priority Queue:
[2025-04-12 15:00:41] [INFO]   PID 0 (State: 0)
[2025-04-12 15:00:41] [INFO] Medium Priority Queue:
[2025-04-12 15:00:41] [INFO] Low Priority Queue:
[2025-04-12 15:00:41] [INFO] Sleeping Queue:
[2025-04-12 15:00:41] [INFO] Terminated Queue:
[2025-04-12 15:00:41] [INFO] ========================
[2025-04-12 15:00:41] [INFO] Adding PID 1 (priority 0) at address 0xaaaae24576c0
[2025-04-12 15:00:41] [INFO] === Current Queue State ===
[2025-04-12 15:00:41] [INFO] High Priority Queue:
[2025-04-12 15:00:41] [INFO]   PID 0 (State: 0)
[2025-04-12 15:00:41] [INFO] Medium Priority Queue:
[2025-04-12 15:00:41] [INFO] Low Priority Queue:
[2025-04-12 15:00:41] [INFO] Sleeping Queue:
[2025-04-12 15:00:41] [INFO] Terminated Queue:
[2025-04-12 15:00:41] [INFO] ========================
[2025-04-12 15:00:41] [INFO] Parent PID 0
[2025-04-12 15:00:41] [INFO] Spawning process 1
[2025-04-12 15:00:41] [INFO] === Current Queue State ===
[2025-04-12 15:00:41] [INFO] High Priority Queue:
[2025-04-12 15:00:41] [INFO]   PID 0 (State: 0)
[2025-04-12 15:00:41] [INFO] Medium Priority Queue:
[2025-04-12 15:00:41] [INFO] Low Priority Queue:
[2025-04-12 15:00:41] [INFO] Sleeping Queue:
[2025-04-12 15:00:41] [INFO] Terminated Queue:
[2025-04-12 15:00:41] [INFO] ========================
[2025-04-12 15:00:41] [INFO] AFTER CREATING
[2025-04-12 15:00:41] [INFO] Adding PID 1 (priority 0) at address 0xaaaae24576c0
[2025-04-12 15:00:41] [INFO]   Target queue: HIGH (list addr: 0xaaaae2457498)
[2025-04-12 15:00:41] [INFO]   After add - proc prev: 0xaaaae2457550, next: (nil)
[2025-04-12 15:00:41] [INFO] === Current Queue State ===
[2025-04-12 15:00:41] [INFO] High Priority Queue:
[2025-04-12 15:00:41] [INFO]   PID 0 (State: 0)
[2025-04-12 15:00:41] [INFO]   PID 1 (State: 0)
[2025-04-12 15:00:41] [INFO] Medium Priority Queue:
[2025-04-12 15:00:41] [INFO] Low Priority Queue:
[2025-04-12 15:00:41] [INFO] Sleeping Queue:
[2025-04-12 15:00:41] [INFO] Terminated Queue:
[2025-04-12 15:00:41] [INFO] ========================
[2025-04-12 15:00:41] [INFO] === Current Queue State ===
[2025-04-12 15:00:41] [INFO] High Priority Queue:
[2025-04-12 15:00:41] [INFO]   PID 0 (State: 0)
[2025-04-12 15:00:41] [INFO]   PID 1 (State: 0)
[2025-04-12 15:00:41] [INFO] Medium Priority Queue:
[2025-04-12 15:00:41] [INFO] Low Priority Queue:
[2025-04-12 15:00:41] [INFO] Sleeping Queue:
[2025-04-12 15:00:41] [INFO] Terminated Queue:
[2025-04-12 15:00:41] [INFO] ========================
[2025-04-12 15:00:41] [INFO] CURRENT: 0
[2025-04-12 15:00:41] [INFO] Running high priority process
[2025-04-12 15:00:41] [INFO] running init thread
[2025-04-12 15:00:41] [INFO] === Current Queue State ===
[2025-04-12 15:00:41] [INFO] High Priority Queue:
[2025-04-12 15:00:41] [INFO]   PID 1 (State: 0)
[2025-04-12 15:00:41] [INFO]   PID 0 (State: 0)
[2025-04-12 15:00:41] [INFO] Medium Priority Queue:
[2025-04-12 15:00:41] [INFO] Low Priority Queue:
[2025-04-12 15:00:41] [INFO] Sleeping Queue:
[2025-04-12 15:00:41] [INFO] Terminated Queue:
[2025-04-12 15:00:41] [INFO] ========================
[2025-04-12 15:00:41] [INFO] CURRENT: 1
[2025-04-12 15:00:41] [INFO] Running high priority process
[2025-04-12 15:00:41] [INFO] Shell loop entered
[2025-04-12 15:00:41] [INFO] s_waitpid called with pid -1, nohang 1
[2025-04-12 15:00:41] [INFO] === Current Process State ===
[2025-04-12 15:00:41] [INFO] Current process: 1 (State: 0)
[2025-04-12 15:00:41] [INFO] Parent process: 0 (State: 0)
[2025-04-12 15:00:41] [INFO] === Current Process State ===
[2025-04-12 15:00:41] [INFO]   PID 0 (State: 0)
[2025-04-12 15:00:41] [INFO]   PID 1 (State: 0)
[2025-04-12 15:00:41] [INFO] === Current Queue State ===
[2025-04-12 15:00:41] [INFO] High Priority Queue:
[2025-04-12 15:00:41] [INFO]   PID 0 (State: 0)
[2025-04-12 15:00:41] [INFO]   PID 1 (State: 0)
[2025-04-12 15:00:41] [INFO] Medium Priority Queue:
[2025-04-12 15:00:41] [INFO] Low Priority Queue:
[2025-04-12 15:00:41] [INFO] Sleeping Queue:
[2025-04-12 15:00:41] [INFO] Terminated Queue:
[2025-04-12 15:00:41] [INFO] ========================
[2025-04-12 15:00:41] [INFO] CURRENT: 2
[2025-04-12 15:00:41] [INFO] Running high priority process
[2025-04-12 15:00:41] [INFO] === Current Queue State ===
[2025-04-12 15:00:41] [INFO] High Priority Queue:
[2025-04-12 15:00:41] [INFO]   PID 1 (State: 0)
[2025-04-12 15:00:41] [INFO]   PID 0 (State: 0)
[2025-04-12 15:00:41] [INFO] Medium Priority Queue:
[2025-04-12 15:00:41] [INFO] Low Priority Queue:
[2025-04-12 15:00:41] [INFO] Sleeping Queue:
[2025-04-12 15:00:41] [INFO] Terminated Queue:
[2025-04-12 15:00:41] [INFO] ========================
[2025-04-12 15:00:41] [INFO] CURRENT: 3
[2025-04-12 15:00:41] [INFO] Running high priority process
[2025-04-12 15:00:41] [INFO] === Current Queue State ===
[2025-04-12 15:00:41] [INFO] High Priority Queue:
[2025-04-12 15:00:41] [INFO]   PID 0 (State: 0)
[2025-04-12 15:00:41] [INFO]   PID 1 (State: 0)
[2025-04-12 15:00:41] [INFO] Medium Priority Queue:
[2025-04-12 15:00:41] [INFO] Low Priority Queue:
[2025-04-12 15:00:41] [INFO] Sleeping Queue:
[2025-04-12 15:00:41] [INFO] Terminated Queue:
[2025-04-12 15:00:41] [INFO] ========================
[2025-04-12 15:00:41] [INFO] CURRENT: 4
[2025-04-12 15:00:41] [INFO] Running high priority process
[2025-04-12 15:00:42] [INFO] === Current Queue State ===
[2025-04-12 15:00:42] [INFO] High Priority Queue:
[2025-04-12 15:00:42] [INFO]   PID 1 (State: 0)
[2025-04-12 15:00:42] [INFO]   PID 0 (State: 0)
[2025-04-12 15:00:42] [INFO] Medium Priority Queue:
[2025-04-12 15:00:42] [INFO] Low Priority Queue:
[2025-04-12 15:00:42] [INFO] Sleeping Queue:
[2025-04-12 15:00:42] [INFO] Terminated Queue:
[2025-04-12 15:00:42] [INFO] ========================
[2025-04-12 15:00:42] [INFO] CURRENT: 5
[2025-04-12 15:00:42] [INFO] Running high priority process
[2025-04-12 15:00:42] [INFO] Read command
[2025-04-12 15:00:42] [INFO] handling jobs
[2025-04-12 15:00:42] [INFO] === Current Queue State ===
[2025-04-12 15:00:42] [INFO] High Priority Queue:
[2025-04-12 15:00:42] [INFO]   PID 1 (State: 0)
[2025-04-12 15:00:42] [INFO]   PID 0 (State: 0)
[2025-04-12 15:00:42] [INFO] Medium Priority Queue:
[2025-04-12 15:00:42] [INFO] Low Priority Queue:
[2025-04-12 15:00:42] [INFO] Sleeping Queue:
[2025-04-12 15:00:42] [INFO] Terminated Queue:
[2025-04-12 15:00:42] [INFO] ========================
[2025-04-12 15:00:42] [INFO] Adding PID 2 (priority 0) at address 0xffffa0000c60
[2025-04-12 15:00:42] [INFO] === Current Queue State ===
[2025-04-12 15:00:42] [INFO] High Priority Queue:
[2025-04-12 15:00:42] [INFO]   PID 1 (State: 0)
[2025-04-12 15:00:42] [INFO]   PID 0 (State: 0)
[2025-04-12 15:00:42] [INFO] Medium Priority Queue:
[2025-04-12 15:00:42] [INFO] Low Priority Queue:
[2025-04-12 15:00:42] [INFO] Sleeping Queue:
[2025-04-12 15:00:42] [INFO] Terminated Queue:
[2025-04-12 15:00:42] [INFO] ========================
[2025-04-12 15:00:42] [INFO] Parent PID 1
[2025-04-12 15:00:42] [INFO] Spawning process 2
[2025-04-12 15:00:42] [INFO] === Current Queue State ===
[2025-04-12 15:00:42] [INFO] High Priority Queue:
[2025-04-12 15:00:42] [INFO]   PID 1 (State: 0)
[2025-04-12 15:00:42] [INFO]   PID 0 (State: 0)
[2025-04-12 15:00:42] [INFO] Medium Priority Queue:
[2025-04-12 15:00:42] [INFO] Low Priority Queue:
[2025-04-12 15:00:42] [INFO] Sleeping Queue:
[2025-04-12 15:00:42] [INFO] Terminated Queue:
[2025-04-12 15:00:42] [INFO] ========================
[2025-04-12 15:00:42] [INFO] AFTER CREATING
[2025-04-12 15:00:42] [INFO] Adding PID 2 (priority 1) at address 0xffffa0000c60
[2025-04-12 15:00:42] [INFO]   Target queue: MEDIUM (list addr: 0xaaaae24574b0)
[2025-04-12 15:00:42] [INFO]   After add - proc prev: (nil), next: (nil)
[2025-04-12 15:00:42] [INFO] === Current Queue State ===
[2025-04-12 15:00:42] [INFO] High Priority Queue:
[2025-04-12 15:00:42] [INFO]   PID 1 (State: 0)
[2025-04-12 15:00:42] [INFO]   PID 0 (State: 0)
[2025-04-12 15:00:42] [INFO] Medium Priority Queue:
[2025-04-12 15:00:42] [INFO]   PID 2 (State: 0)
[2025-04-12 15:00:42] [INFO] Low Priority Queue:
[2025-04-12 15:00:42] [INFO] Sleeping Queue:
[2025-04-12 15:00:42] [INFO] Terminated Queue:
[2025-04-12 15:00:42] [INFO] ========================
[2025-04-12 15:00:42] [INFO] Waiting for foreground job 1
[2025-04-12 15:00:42] [INFO] s_waitpid called with pid 2, nohang 1
[2025-04-12 15:00:42] [INFO] === Current Process State ===
[2025-04-12 15:00:42] [INFO] Current process: 1 (State: 0)
[2025-04-12 15:00:42] [INFO] Parent process: 0 (State: 0)
[2025-04-12 15:00:42] [INFO] === Current Process State ===
[2025-04-12 15:00:42] [INFO]   PID 0 (State: 0)
[2025-04-12 15:00:42] [INFO]   PID 1 (State: 0)
[2025-04-12 15:00:42] [INFO]   PID 2 (State: 0)
[2025-04-12 15:00:42] [INFO] Found child process 2
[2025-04-12 15:00:42] [INFO] execute_job returned
[2025-04-12 15:00:42] [INFO] Shell loop entered
[2025-04-12 15:00:42] [INFO] s_waitpid called with pid -1, nohang 1
[2025-04-12 15:00:42] [INFO] === Current Process State ===
[2025-04-12 15:00:42] [INFO] Current process: 1 (State: 0)
[2025-04-12 15:00:42] [INFO] Parent process: 0 (State: 0)
[2025-04-12 15:00:42] [INFO] === Current Process State ===
[2025-04-12 15:00:42] [INFO]   PID 0 (State: 0)
[2025-04-12 15:00:42] [INFO]   PID 1 (State: 0)
[2025-04-12 15:00:42] [INFO]   PID 2 (State: 0)
[2025-04-12 15:00:42] [INFO] === Current Queue State ===
[2025-04-12 15:00:42] [INFO] High Priority Queue:
[2025-04-12 15:00:42] [INFO]   PID 0 (State: 0)
[2025-04-12 15:00:42] [INFO]   PID 1 (State: 0)
[2025-04-12 15:00:42] [INFO] Medium Priority Queue:
[2025-04-12 15:00:42] [INFO]   PID 2 (State: 0)
[2025-04-12 15:00:42] [INFO] Low Priority Queue:
[2025-04-12 15:00:42] [INFO] Sleeping Queue:
[2025-04-12 15:00:42] [INFO] Terminated Queue:
[2025-04-12 15:00:42] [INFO] ========================
[2025-04-12 15:00:42] [INFO] CURRENT: 6
[2025-04-12 15:00:42] [INFO] Running high priority process
[2025-04-12 15:00:42] [INFO] === Current Queue State ===
[2025-04-12 15:00:42] [INFO] High Priority Queue:
[2025-04-12 15:00:42] [INFO]   PID 1 (State: 0)
[2025-04-12 15:00:42] [INFO]   PID 0 (State: 0)
[2025-04-12 15:00:42] [INFO] Medium Priority Queue:
[2025-04-12 15:00:42] [INFO]   PID 2 (State: 0)
[2025-04-12 15:00:42] [INFO] Low Priority Queue:
[2025-04-12 15:00:42] [INFO] Sleeping Queue:
[2025-04-12 15:00:42] [INFO] Terminated Queue:
[2025-04-12 15:00:42] [INFO] ========================
[2025-04-12 15:00:42] [INFO] CURRENT: 7
[2025-04-12 15:00:42] [INFO] Running high priority process
[2025-04-12 15:00:42] [INFO] === Current Queue State ===
[2025-04-12 15:00:42] [INFO] High Priority Queue:
[2025-04-12 15:00:42] [INFO]   PID 0 (State: 0)
[2025-04-12 15:00:42] [INFO]   PID 1 (State: 0)
[2025-04-12 15:00:42] [INFO] Medium Priority Queue:
[2025-04-12 15:00:42] [INFO]   PID 2 (State: 0)
[2025-04-12 15:00:42] [INFO] Low Priority Queue:
[2025-04-12 15:00:42] [INFO] Sleeping Queue:
[2025-04-12 15:00:42] [INFO] Terminated Queue:
[2025-04-12 15:00:42] [INFO] ========================
[2025-04-12 15:00:42] [INFO] CURRENT: 8
[2025-04-12 15:00:42] [INFO] Running high priority process
[2025-04-12 15:00:42] [INFO] === Current Queue State ===
[2025-04-12 15:00:42] [INFO] High Priority Queue:
[2025-04-12 15:00:42] [INFO]   PID 1 (State: 0)
[2025-04-12 15:00:42] [INFO]   PID 0 (State: 0)
[2025-04-12 15:00:42] [INFO] Medium Priority Queue:
[2025-04-12 15:00:42] [INFO]   PID 2 (State: 0)
[2025-04-12 15:00:42] [INFO] Low Priority Queue:
[2025-04-12 15:00:42] [INFO] Sleeping Queue:
[2025-04-12 15:00:42] [INFO] Terminated Queue:
[2025-04-12 15:00:42] [INFO] ========================
[2025-04-12 15:00:42] [INFO] CURRENT: 9
[2025-04-12 15:00:42] [INFO] Running medium priority process
[2025-04-12 15:00:42] [INFO] PID PPID PRI STAT CMD

[2025-04-12 15:00:42] [INFO] Process info - PID: 1, PPID: 0, STATE: 0, COMMAND: shell
[2025-04-12 15:00:42] [INFO] Process info - PID: 0, PPID: 0, STATE: 0, COMMAND: init
[2025-04-12 15:00:42] [INFO] Process info - PID: 2, PPID: 1, STATE: 0, COMMAND: ps
[2025-04-12 15:00:42] [INFO] Process 2 zombied
[2025-04-12 15:00:43] [INFO] === Current Queue State ===
[2025-04-12 15:00:43] [INFO] High Priority Queue:
[2025-04-12 15:00:43] [INFO]   PID 1 (State: 0)
[2025-04-12 15:00:43] [INFO]   PID 0 (State: 0)
[2025-04-12 15:00:43] [INFO] Medium Priority Queue:
[2025-04-12 15:00:43] [INFO] Low Priority Queue:
[2025-04-12 15:00:43] [INFO] Sleeping Queue:
[2025-04-12 15:00:43] [INFO] Terminated Queue:
[2025-04-12 15:00:43] [INFO] ========================
[2025-04-12 15:00:43] [INFO] CURRENT: 10
[2025-04-12 15:00:43] [INFO] Running medium priority process
[2025-04-12 15:00:43] [INFO] === Current Queue State ===
[2025-04-12 15:00:43] [INFO] High Priority Queue:
[2025-04-12 15:00:43] [INFO]   PID 1 (State: 0)
[2025-04-12 15:00:43] [INFO]   PID 0 (State: 0)
[2025-04-12 15:00:43] [INFO] Medium Priority Queue:
[2025-04-12 15:00:43] [INFO] Low Priority Queue:
[2025-04-12 15:00:43] [INFO] Sleeping Queue:
[2025-04-12 15:00:43] [INFO] Terminated Queue:
[2025-04-12 15:00:43] [INFO] ========================
[2025-04-12 15:00:43] [INFO] CURRENT: 11
[2025-04-12 15:00:43] [INFO] Running medium priority process
[2025-04-12 15:00:43] [INFO] === Current Queue State ===
[2025-04-12 15:00:43] [INFO] High Priority Queue:
[2025-04-12 15:00:43] [INFO]   PID 1 (State: 0)
[2025-04-12 15:00:43] [INFO]   PID 0 (State: 0)
[2025-04-12 15:00:43] [INFO] Medium Priority Queue:
[2025-04-12 15:00:43] [INFO] Low Priority Queue:
[2025-04-12 15:00:43] [INFO] Sleeping Queue:
[2025-04-12 15:00:43] [INFO] Terminated Queue:
[2025-04-12 15:00:43] [INFO] ========================
[2025-04-12 15:00:43] [INFO] CURRENT: 12
[2025-04-12 15:00:43] [INFO] Running medium priority process
[2025-04-12 15:00:43] [INFO] === Current Queue State ===
[2025-04-12 15:00:43] [INFO] High Priority Queue:
[2025-04-12 15:00:43] [INFO]   PID 1 (State: 0)
[2025-04-12 15:00:43] [INFO]   PID 0 (State: 0)
[2025-04-12 15:00:43] [INFO] Medium Priority Queue:
[2025-04-12 15:00:43] [INFO] Low Priority Queue:
[2025-04-12 15:00:43] [INFO] Sleeping Queue:
[2025-04-12 15:00:43] [INFO] Terminated Queue:
[2025-04-12 15:00:43] [INFO] ========================
[2025-04-12 15:00:43] [INFO] CURRENT: 13
[2025-04-12 15:00:43] [INFO] Running medium priority process
[2025-04-12 15:00:43] [INFO] === Current Queue State ===
[2025-04-12 15:00:43] [INFO] High Priority Queue:
[2025-04-12 15:00:43] [INFO]   PID 1 (State: 0)
[2025-04-12 15:00:43] [INFO]   PID 0 (State: 0)
[2025-04-12 15:00:43] [INFO] Medium Priority Queue:
[2025-04-12 15:00:43] [INFO] Low Priority Queue:
[2025-04-12 15:00:43] [INFO] Sleeping Queue:
[2025-04-12 15:00:43] [INFO] Terminated Queue:
[2025-04-12 15:00:43] [INFO] ========================
[2025-04-12 15:00:43] [INFO] CURRENT: 14
[2025-04-12 15:00:43] [INFO] Running medium priority process
[2025-04-12 15:00:43] [INFO] === Current Queue State ===
[2025-04-12 15:00:43] [INFO] High Priority Queue:
[2025-04-12 15:00:43] [INFO]   PID 1 (State: 0)
[2025-04-12 15:00:43] [INFO]   PID 0 (State: 0)
[2025-04-12 15:00:43] [INFO] Medium Priority Queue:
[2025-04-12 15:00:43] [INFO] Low Priority Queue:
[2025-04-12 15:00:43] [INFO] Sleeping Queue:
[2025-04-12 15:00:43] [INFO] Terminated Queue:
[2025-04-12 15:00:43] [INFO] ========================
[2025-04-12 15:00:43] [INFO] CURRENT: 15
[2025-04-12 15:00:43] [INFO] === Current Queue State ===
[2025-04-12 15:00:43] [INFO] High Priority Queue:
[2025-04-12 15:00:43] [INFO]   PID 1 (State: 0)
[2025-04-12 15:00:43] [INFO]   PID 0 (State: 0)
[2025-04-12 15:00:43] [INFO] Medium Priority Queue:
[2025-04-12 15:00:43] [INFO] Low Priority Queue:
[2025-04-12 15:00:43] [INFO] Sleeping Queue:
[2025-04-12 15:00:43] [INFO] Terminated Queue:
[2025-04-12 15:00:43] [INFO] ========================
[2025-04-12 15:00:43] [INFO] CURRENT: 16
[2025-04-12 15:00:43] [INFO] === Current Queue State ===
[2025-04-12 15:00:43] [INFO] High Priority Queue:
[2025-04-12 15:00:43] [INFO]   PID 1 (State: 0)
[2025-04-12 15:00:43] [INFO]   PID 0 (State: 0)
[2025-04-12 15:00:43] [INFO] Medium Priority Queue:
[2025-04-12 15:00:43] [INFO] Low Priority Queue:
[2025-04-12 15:00:43] [INFO] Sleeping Queue:
[2025-04-12 15:00:43] [INFO] Terminated Queue:
[2025-04-12 15:00:43] [INFO] ========================
[2025-04-12 15:00:43] [INFO] CURRENT: 17
[2025-04-12 15:00:43] [INFO] === Current Queue State ===
[2025-04-12 15:00:43] [INFO] High Priority Queue:
[2025-04-12 15:00:43] [INFO]   PID 1 (State: 0)
[2025-04-12 15:00:43] [INFO]   PID 0 (State: 0)
[2025-04-12 15:00:43] [INFO] Medium Priority Queue:
[2025-04-12 15:00:43] [INFO] Low Priority Queue:
[2025-04-12 15:00:43] [INFO] Sleeping Queue:
[2025-04-12 15:00:43] [INFO] Terminated Queue:
[2025-04-12 15:00:43] [INFO] ========================
[2025-04-12 15:00:43] [INFO] CURRENT: 0
[2025-04-12 15:00:43] [INFO] Running high priority process
[2025-04-12 15:00:44] [INFO] === Current Queue State ===
[2025-04-12 15:00:44] [INFO] High Priority Queue:
[2025-04-12 15:00:44] [INFO]   PID 0 (State: 0)
[2025-04-12 15:00:44] [INFO]   PID 1 (State: 0)
[2025-04-12 15:00:44] [INFO] Medium Priority Queue:
[2025-04-12 15:00:44] [INFO] Low Priority Queue:
[2025-04-12 15:00:44] [INFO] Sleeping Queue:
[2025-04-12 15:00:44] [INFO] Terminated Queue:
[2025-04-12 15:00:44] [INFO] ========================
[2025-04-12 15:00:44] [INFO] CURRENT: 1
[2025-04-12 15:00:44] [INFO] Running high priority process
[2025-04-12 15:00:44] [INFO] === Current Queue State ===
[2025-04-12 15:00:44] [INFO] High Priority Queue:
[2025-04-12 15:00:44] [INFO]   PID 1 (State: 0)
[2025-04-12 15:00:44] [INFO]   PID 0 (State: 0)
[2025-04-12 15:00:44] [INFO] Medium Priority Queue:
[2025-04-12 15:00:44] [INFO] Low Priority Queue:
[2025-04-12 15:00:44] [INFO] Sleeping Queue:
[2025-04-12 15:00:44] [INFO] Terminated Queue:
[2025-04-12 15:00:44] [INFO] ========================
[2025-04-12 15:00:44] [INFO] CURRENT: 2
[2025-04-12 15:00:44] [INFO] Running high priority process
[2025-04-12 15:00:44] [INFO] Read command
[2025-04-12 15:00:44] [INFO] handling jobs
[2025-04-12 15:00:44] [INFO] === Current Queue State ===
[2025-04-12 15:00:44] [INFO] High Priority Queue:
[2025-04-12 15:00:44] [INFO]   PID 1 (State: 0)
[2025-04-12 15:00:44] [INFO]   PID 0 (State: 0)
[2025-04-12 15:00:44] [INFO] Medium Priority Queue:
[2025-04-12 15:00:44] [INFO] Low Priority Queue:
[2025-04-12 15:00:44] [INFO] Sleeping Queue:
[2025-04-12 15:00:44] [INFO] Terminated Queue:
[2025-04-12 15:00:44] [INFO] ========================
[2025-04-12 15:00:44] [INFO] Adding PID 3 (priority 0) at address 0xffffa0000df0
[2025-04-12 15:00:44] [INFO] === Current Queue State ===
[2025-04-12 15:00:44] [INFO] High Priority Queue:
[2025-04-12 15:00:44] [INFO]   PID 1 (State: 0)
[2025-04-12 15:00:44] [INFO]   PID 0 (State: 0)
[2025-04-12 15:00:44] [INFO] Medium Priority Queue:
[2025-04-12 15:00:44] [INFO] Low Priority Queue:
[2025-04-12 15:00:44] [INFO] Sleeping Queue:
[2025-04-12 15:00:44] [INFO] Terminated Queue:
[2025-04-12 15:00:44] [INFO] ========================
[2025-04-12 15:00:44] [INFO] Parent PID 1
[2025-04-12 15:00:44] [INFO] Spawning process 3
[2025-04-12 15:00:44] [INFO] === Current Queue State ===
[2025-04-12 15:00:44] [INFO] High Priority Queue:
[2025-04-12 15:00:44] [INFO]   PID 1 (State: 0)
[2025-04-12 15:00:44] [INFO]   PID 0 (State: 0)
[2025-04-12 15:00:44] [INFO] Medium Priority Queue:
[2025-04-12 15:00:44] [INFO] Low Priority Queue:
[2025-04-12 15:00:44] [INFO] Sleeping Queue:
[2025-04-12 15:00:44] [INFO] Terminated Queue:
[2025-04-12 15:00:44] [INFO] ========================
[2025-04-12 15:00:44] [INFO] AFTER CREATING
[2025-04-12 15:00:44] [INFO] Adding PID 3 (priority 1) at address 0xffffa0000df0
[2025-04-12 15:00:44] [INFO]   Target queue: MEDIUM (list addr: 0xaaaae24574b0)
[2025-04-12 15:00:44] [INFO]   After add - proc prev: (nil), next: (nil)
[2025-04-12 15:00:44] [INFO] === Current Queue State ===
[2025-04-12 15:00:44] [INFO] High Priority Queue:
[2025-04-12 15:00:44] [INFO]   PID 1 (State: 0)
[2025-04-12 15:00:44] [INFO]   PID 0 (State: 0)
[2025-04-12 15:00:44] [INFO] Medium Priority Queue:
[2025-04-12 15:00:44] [INFO]   PID 3 (State: 0)
[2025-04-12 15:00:44] [INFO] Low Priority Queue:
[2025-04-12 15:00:44] [INFO] Sleeping Queue:
[2025-04-12 15:00:44] [INFO] Terminated Queue:
[2025-04-12 15:00:44] [INFO] ========================
[2025-04-12 15:00:44] [INFO] Waiting for foreground job 2
[2025-04-12 15:00:44] [INFO] s_waitpid called with pid 3, nohang 1
[2025-04-12 15:00:44] [INFO] === Current Process State ===
[2025-04-12 15:00:44] [INFO] Current process: 1 (State: 0)
[2025-04-12 15:00:44] [INFO] Parent process: 0 (State: 0)
[2025-04-12 15:00:44] [INFO] === Current Process State ===
[2025-04-12 15:00:44] [INFO]   PID 0 (State: 0)
[2025-04-12 15:00:44] [INFO]   PID 1 (State: 0)
[2025-04-12 15:00:44] [INFO]   PID 2 (State: 3)
[2025-04-12 15:00:44] [INFO]   PID 3 (State: 0)
[2025-04-12 15:00:44] [INFO] Found child process 3
[2025-04-12 15:00:44] [INFO] execute_job returned
[2025-04-12 15:00:44] [INFO] Shell loop entered
[2025-04-12 15:00:44] [INFO] s_waitpid called with pid -1, nohang 1
[2025-04-12 15:00:44] [INFO] === Current Process State ===
[2025-04-12 15:00:44] [INFO] Current process: 1 (State: 0)
[2025-04-12 15:00:44] [INFO] Parent process: 0 (State: 0)
[2025-04-12 15:00:44] [INFO] === Current Process State ===
[2025-04-12 15:00:44] [INFO]   PID 0 (State: 0)
[2025-04-12 15:00:44] [INFO]   PID 1 (State: 0)
[2025-04-12 15:00:44] [INFO]   PID 2 (State: 3)
[2025-04-12 15:00:44] [INFO]   PID 3 (State: 0)
[2025-04-12 15:00:44] [INFO] Found zombied child process 2
[2025-04-12 15:00:44] [INFO] Removing job with PID 2
[2025-04-12 15:00:44] [INFO] No job found for PID 2 - may have been already removed
[2025-04-12 15:00:44] [INFO] s_waitpid called with pid -1, nohang 1
[2025-04-12 15:00:44] [INFO] === Current Process State ===
[2025-04-12 15:00:44] [INFO] Current process: 1 (State: 0)
[2025-04-12 15:00:44] [INFO] Parent process: 0 (State: 0)
[2025-04-12 15:00:44] [INFO] === Current Process State ===
[2025-04-12 15:00:44] [INFO]   PID 0 (State: 0)
[2025-04-12 15:00:44] [INFO]   PID 1 (State: 0)
[2025-04-12 15:00:44] [INFO]   PID 3 (State: 0)
[2025-04-12 15:00:44] [INFO] === Current Queue State ===
[2025-04-12 15:00:44] [INFO] High Priority Queue:
[2025-04-12 15:00:44] [INFO]   PID 0 (State: 0)
[2025-04-12 15:00:44] [INFO]   PID 1 (State: 0)
[2025-04-12 15:00:44] [INFO] Medium Priority Queue:
[2025-04-12 15:00:44] [INFO]   PID 3 (State: 0)
[2025-04-12 15:00:44] [INFO] Low Priority Queue:
[2025-04-12 15:00:44] [INFO] Sleeping Queue:
[2025-04-12 15:00:44] [INFO] Terminated Queue:
[2025-04-12 15:00:44] [INFO]   PID 2
[2025-04-12 15:00:44] [INFO] ========================
[2025-04-12 15:00:44] [INFO] CURRENT: 3
[2025-04-12 15:00:44] [INFO] Running high priority process
[2025-04-12 15:00:44] [INFO] === Current Process State ===
[2025-04-12 15:00:44] [INFO] Current process: 0 (State: 0)
[2025-04-12 15:00:44] [INFO] Parent process: 0 (State: 0)
[2025-04-12 15:00:44] [INFO] === Current Process State ===
[2025-04-12 15:00:44] [INFO]   PID 0 (State: 0)
[2025-04-12 15:00:44] [INFO]   PID 1 (State: 0)
[2025-04-12 15:00:44] [INFO]   PID 3 (State: 0)
[2025-04-12 15:00:44] [INFO] freeing proc 2
[2025-04-12 15:00:44] [INFO] === Current Process State ===
[2025-04-12 15:00:44] [INFO] Current process: 0 (State: 0)
[2025-04-12 15:00:44] [INFO] Parent process: 0 (State: 0)
[2025-04-12 15:00:44] [INFO] === Current Process State ===
[2025-04-12 15:00:44] [INFO] === Current Process State ===
[2025-04-12 15:00:44] [INFO] Current process: 0 (State: 0)
[2025-04-12 15:00:44] [INFO] Parent process: 0 (State: 0)
[2025-04-12 15:00:44] [INFO] === Current Process State ===
[2025-04-12 15:00:44] [INFO] === Current Queue State ===
[2025-04-12 15:00:44] [INFO] High Priority Queue:
[2025-04-12 15:00:44] [INFO]   PID 1 (State: 0)
[2025-04-12 15:00:44] [INFO]   PID 0 (State: 0)
[2025-04-12 15:00:44] [INFO] Medium Priority Queue:
[2025-04-12 15:00:44] [INFO]   PID 3 (State: 0)
[2025-04-12 15:00:44] [INFO] Low Priority Queue:
[2025-04-12 15:00:44] [INFO] Sleeping Queue:
[2025-04-12 15:00:44] [INFO] Terminated Queue:
[2025-04-12 15:00:44] [INFO] ========================
[2025-04-12 15:00:44] [INFO] CURRENT: 4
[2025-04-12 15:00:44] [INFO] Running high priority process
[2025-04-12 15:00:44] [INFO] === Current Queue State ===
[2025-04-12 15:00:44] [INFO] High Priority Queue:
[2025-04-12 15:00:44] [INFO]   PID 0 (State: 0)
[2025-04-12 15:00:44] [INFO]   PID 1 (State: 0)
[2025-04-12 15:00:45] [INFO] Medium Priority Queue:
[2025-04-12 15:00:45] [INFO]   PID 3 (State: 0)
[2025-04-12 15:00:45] [INFO] Low Priority Queue:
[2025-04-12 15:00:45] [INFO] Sleeping Queue:
[2025-04-12 15:00:45] [INFO] Terminated Queue:
[2025-04-12 15:00:45] [INFO] ========================
[2025-04-12 15:00:45] [INFO] CURRENT: 5
[2025-04-12 15:00:45] [INFO] Running high priority process
[2025-04-12 15:00:45] [INFO] === Current Queue State ===
[2025-04-12 15:00:45] [INFO] High Priority Queue:
[2025-04-12 15:00:45] [INFO]   PID 1 (State: 0)
[2025-04-12 15:00:45] [INFO]   PID 0 (State: 0)
[2025-04-12 15:00:45] [INFO] Medium Priority Queue:
[2025-04-12 15:00:45] [INFO]   PID 3 (State: 0)
[2025-04-12 15:00:45] [INFO] Low Priority Queue:
[2025-04-12 15:00:45] [INFO] Sleeping Queue:
[2025-04-12 15:00:45] [INFO] Terminated Queue:
[2025-04-12 15:00:45] [INFO] ========================
[2025-04-12 15:00:45] [INFO] CURRENT: 6
[2025-04-12 15:00:45] [INFO] Running high priority process
[2025-04-12 15:00:45] [INFO] === Current Queue State ===
[2025-04-12 15:00:45] [INFO] High Priority Queue:
[2025-04-12 15:00:45] [INFO]   PID 0 (State: 0)
[2025-04-12 15:00:45] [INFO]   PID 1 (State: 0)
[2025-04-12 15:00:45] [INFO] Medium Priority Queue:
[2025-04-12 15:00:45] [INFO]   PID 3 (State: 0)
[2025-04-12 15:00:45] [INFO] Low Priority Queue:
[2025-04-12 15:00:45] [INFO] Sleeping Queue:
[2025-04-12 15:00:45] [INFO] Terminated Queue:
[2025-04-12 15:00:45] [INFO] ========================
[2025-04-12 15:00:45] [INFO] CURRENT: 7
[2025-04-12 15:00:45] [INFO] Running high priority process
[2025-04-12 15:00:45] [INFO] === Current Queue State ===
[2025-04-12 15:00:45] [INFO] High Priority Queue:
[2025-04-12 15:00:45] [INFO]   PID 1 (State: 0)
[2025-04-12 15:00:45] [INFO]   PID 0 (State: 0)
[2025-04-12 15:00:45] [INFO] Medium Priority Queue:
[2025-04-12 15:00:45] [INFO]   PID 3 (State: 0)
[2025-04-12 15:00:45] [INFO] Low Priority Queue:
[2025-04-12 15:00:45] [INFO] Sleeping Queue:
[2025-04-12 15:00:45] [INFO] Terminated Queue:
[2025-04-12 15:00:45] [INFO] ========================
[2025-04-12 15:00:45] [INFO] CURRENT: 8
[2025-04-12 15:00:45] [INFO] Running high priority process
[2025-04-12 15:00:45] [INFO] === Current Queue State ===
[2025-04-12 15:00:45] [INFO] High Priority Queue:
[2025-04-12 15:00:45] [INFO]   PID 0 (State: 0)
[2025-04-12 15:00:45] [INFO]   PID 1 (State: 0)
[2025-04-12 15:00:45] [INFO] Medium Priority Queue:
[2025-04-12 15:00:45] [INFO]   PID 3 (State: 0)
[2025-04-12 15:00:45] [INFO] Low Priority Queue:
[2025-04-12 15:00:45] [INFO] Sleeping Queue:
[2025-04-12 15:00:45] [INFO] Terminated Queue:
[2025-04-12 15:00:45] [INFO] ========================
[2025-04-12 15:00:45] [INFO] CURRENT: 9
[2025-04-12 15:00:45] [INFO] Running medium priority process
[2025-04-12 15:00:45] [INFO] Process 3 zombied
[2025-04-12 15:00:45] [INFO] === Current Queue State ===
[2025-04-12 15:00:45] [INFO] High Priority Queue:
[2025-04-12 15:00:45] [INFO]   PID 0 (State: 0)
[2025-04-12 15:00:45] [INFO]   PID 1 (State: 0)
[2025-04-12 15:00:45] [INFO] Medium Priority Queue:
[2025-04-12 15:00:45] [INFO] Low Priority Queue:
[2025-04-12 15:00:45] [INFO] Sleeping Queue:
[2025-04-12 15:00:45] [INFO] Terminated Queue:
[2025-04-12 15:00:45] [INFO] ========================
[2025-04-12 15:00:45] [INFO] CURRENT: 10
[2025-04-12 15:00:45] [INFO] Running medium priority process
[2025-04-12 15:00:46] [INFO] === Current Queue State ===
[2025-04-12 15:00:46] [INFO] High Priority Queue:
[2025-04-12 15:00:46] [INFO]   PID 0 (State: 0)
[2025-04-12 15:00:46] [INFO]   PID 1 (State: 0)
[2025-04-12 15:00:46] [INFO] Medium Priority Queue:
[2025-04-12 15:00:46] [INFO] Low Priority Queue:
[2025-04-12 15:00:46] [INFO] Sleeping Queue:
[2025-04-12 15:00:46] [INFO] Terminated Queue:
[2025-04-12 15:00:46] [INFO] ========================
[2025-04-12 15:00:46] [INFO] CURRENT: 11
[2025-04-12 15:00:46] [INFO] Running medium priority process
[2025-04-12 15:00:46] [INFO] === Current Queue State ===
[2025-04-12 15:00:46] [INFO] High Priority Queue:
[2025-04-12 15:00:46] [INFO]   PID 0 (State: 0)
[2025-04-12 15:00:46] [INFO]   PID 1 (State: 0)
[2025-04-12 15:00:46] [INFO] Medium Priority Queue:
[2025-04-12 15:00:46] [INFO] Low Priority Queue:
[2025-04-12 15:00:46] [INFO] Sleeping Queue:
[2025-04-12 15:00:46] [INFO] Terminated Queue:
[2025-04-12 15:00:46] [INFO] ========================
[2025-04-12 15:00:46] [INFO] CURRENT: 12
[2025-04-12 15:00:46] [INFO] Running medium priority process
[2025-04-12 15:00:46] [INFO] === Current Queue State ===
[2025-04-12 15:00:46] [INFO] High Priority Queue:
[2025-04-12 15:00:46] [INFO]   PID 0 (State: 0)
[2025-04-12 15:00:46] [INFO]   PID 1 (State: 0)
[2025-04-12 15:00:46] [INFO] Medium Priority Queue:
[2025-04-12 15:00:46] [INFO] Low Priority Queue:
[2025-04-12 15:00:46] [INFO] Sleeping Queue:
[2025-04-12 15:00:46] [INFO] Terminated Queue:
[2025-04-12 15:00:46] [INFO] ========================
[2025-04-12 15:00:46] [INFO] CURRENT: 13
[2025-04-12 15:00:46] [INFO] Running medium priority process
[2025-04-12 15:00:46] [INFO] === Current Queue State ===
[2025-04-12 15:00:46] [INFO] High Priority Queue:
[2025-04-12 15:00:46] [INFO]   PID 0 (State: 0)
[2025-04-12 15:00:46] [INFO]   PID 1 (State: 0)
[2025-04-12 15:00:46] [INFO] Medium Priority Queue:
[2025-04-12 15:00:46] [INFO] Low Priority Queue:
[2025-04-12 15:00:46] [INFO] Sleeping Queue:
[2025-04-12 15:00:46] [INFO] Terminated Queue:
[2025-04-12 15:00:46] [INFO] ========================
[2025-04-12 15:00:46] [INFO] CURRENT: 14
[2025-04-12 15:00:46] [INFO] Running medium priority process
[2025-04-12 15:00:46] [INFO] === Current Queue State ===
[2025-04-12 15:00:46] [INFO] High Priority Queue:
[2025-04-12 15:00:46] [INFO]   PID 0 (State: 0)
[2025-04-12 15:00:46] [INFO]   PID 1 (State: 0)
[2025-04-12 15:00:46] [INFO] Medium Priority Queue:
[2025-04-12 15:00:46] [INFO] Low Priority Queue:
[2025-04-12 15:00:46] [INFO] Sleeping Queue:
[2025-04-12 15:00:46] [INFO] Terminated Queue:
[2025-04-12 15:00:46] [INFO] ========================
[2025-04-12 15:00:46] [INFO] CURRENT: 15
[2025-04-12 15:00:46] [INFO] No runnable processes, scheduler idling
[2025-04-12 15:00:46] [INFO] === Current Queue State ===
[2025-04-12 15:00:46] [INFO] High Priority Queue:
[2025-04-12 15:00:46] [INFO]   PID 0 (State: 0)
[2025-04-12 15:00:46] [INFO]   PID 1 (State: 0)
[2025-04-12 15:00:46] [INFO] Medium Priority Queue:
[2025-04-12 15:00:46] [INFO] Low Priority Queue:
[2025-04-12 15:00:46] [INFO] Sleeping Queue:
[2025-04-12 15:00:46] [INFO] Terminated Queue:
[2025-04-12 15:00:46] [INFO] ========================
[2025-04-12 15:00:46] [INFO] CURRENT: 0
[2025-04-12 15:00:46] [INFO] Running high priority process
[2025-04-12 15:00:46] [INFO] === Current Queue State ===
[2025-04-12 15:00:46] [INFO] High Priority Queue:
[2025-04-12 15:00:46] [INFO]   PID 1 (State: 0)
[2025-04-12 15:00:46] [INFO]   PID 0 (State: 0)
[2025-04-12 15:00:46] [INFO] Medium Priority Queue:
[2025-04-12 15:00:46] [INFO] Low Priority Queue:
[2025-04-12 15:00:46] [INFO] Sleeping Queue:
[2025-04-12 15:00:46] [INFO] Terminated Queue:
[2025-04-12 15:00:46] [INFO] ========================
[2025-04-12 15:00:46] [INFO] CURRENT: 1
[2025-04-12 15:00:46] [INFO] Running high priority process
[2025-04-12 15:00:47] [INFO] === Current Queue State ===
[2025-04-12 15:00:47] [INFO] High Priority Queue:
[2025-04-12 15:00:47] [INFO]   PID 0 (State: 0)
[2025-04-12 15:00:47] [INFO]   PID 1 (State: 0)
[2025-04-12 15:00:47] [INFO] Medium Priority Queue:
[2025-04-12 15:00:47] [INFO] Low Priority Queue:
[2025-04-12 15:00:47] [INFO] Sleeping Queue:
[2025-04-12 15:00:47] [INFO] Terminated Queue:
[2025-04-12 15:00:47] [INFO] ========================
[2025-04-12 15:00:47] [INFO] CURRENT: 2
[2025-04-12 15:00:47] [INFO] Running high priority process
[2025-04-12 15:00:47] [INFO] === Current Queue State ===
[2025-04-12 15:00:47] [INFO] High Priority Queue:
[2025-04-12 15:00:47] [INFO]   PID 1 (State: 0)
[2025-04-12 15:00:47] [INFO]   PID 0 (State: 0)
[2025-04-12 15:00:47] [INFO] Medium Priority Queue:
[2025-04-12 15:00:47] [INFO] Low Priority Queue:
[2025-04-12 15:00:47] [INFO] Sleeping Queue:
[2025-04-12 15:00:47] [INFO] Terminated Queue:
[2025-04-12 15:00:47] [INFO] ========================
[2025-04-12 15:00:47] [INFO] CURRENT: 3
[2025-04-12 15:00:47] [INFO] Running high priority process
[2025-04-12 15:00:47] [INFO] Read command
[2025-04-12 15:00:47] [INFO] handling jobs
[2025-04-12 15:00:47] [INFO] === Current Queue State ===
[2025-04-12 15:00:47] [INFO] High Priority Queue:
[2025-04-12 15:00:47] [INFO]   PID 1 (State: 0)
[2025-04-12 15:00:47] [INFO]   PID 0 (State: 0)
[2025-04-12 15:00:47] [INFO] Medium Priority Queue:
[2025-04-12 15:00:47] [INFO] Low Priority Queue:
[2025-04-12 15:00:47] [INFO] Sleeping Queue:
[2025-04-12 15:00:47] [INFO] Terminated Queue:
[2025-04-12 15:00:47] [INFO] ========================
[2025-04-12 15:00:47] [INFO] Adding PID 4 (priority 0) at address 0xffffa0001150
[2025-04-12 15:00:47] [INFO] === Current Queue State ===
[2025-04-12 15:00:47] [INFO] High Priority Queue:
[2025-04-12 15:00:47] [INFO]   PID 1 (State: 0)
[2025-04-12 15:00:47] [INFO]   PID 0 (State: 0)
[2025-04-12 15:00:47] [INFO] Medium Priority Queue:
[2025-04-12 15:00:47] [INFO] Low Priority Queue:
[2025-04-12 15:00:47] [INFO] Sleeping Queue:
[2025-04-12 15:00:47] [INFO] Terminated Queue:
[2025-04-12 15:00:47] [INFO] ========================
[2025-04-12 15:00:47] [INFO] Parent PID 1
[2025-04-12 15:00:47] [INFO] Spawning process 4
[2025-04-12 15:00:47] [INFO] === Current Queue State ===
[2025-04-12 15:00:47] [INFO] High Priority Queue:
[2025-04-12 15:00:47] [INFO]   PID 1 (State: 0)
[2025-04-12 15:00:47] [INFO]   PID 0 (State: 0)
[2025-04-12 15:00:47] [INFO] Medium Priority Queue:
[2025-04-12 15:00:47] [INFO] Low Priority Queue:
[2025-04-12 15:00:47] [INFO] Sleeping Queue:
[2025-04-12 15:00:47] [INFO] Terminated Queue:
[2025-04-12 15:00:47] [INFO] ========================
[2025-04-12 15:00:47] [INFO] AFTER CREATING
[2025-04-12 15:00:47] [INFO] Adding PID 4 (priority 1) at address 0xffffa0001150
[2025-04-12 15:00:47] [INFO]   Target queue: MEDIUM (list addr: 0xaaaae24574b0)
[2025-04-12 15:00:47] [INFO]   After add - proc prev: (nil), next: (nil)
[2025-04-12 15:00:47] [INFO] === Current Queue State ===
[2025-04-12 15:00:47] [INFO] High Priority Queue:
[2025-04-12 15:00:47] [INFO]   PID 1 (State: 0)
[2025-04-12 15:00:47] [INFO]   PID 0 (State: 0)
[2025-04-12 15:00:47] [INFO] Medium Priority Queue:
[2025-04-12 15:00:47] [INFO]   PID 4 (State: 0)
[2025-04-12 15:00:47] [INFO] Low Priority Queue:
[2025-04-12 15:00:47] [INFO] Sleeping Queue:
[2025-04-12 15:00:47] [INFO] Terminated Queue:
[2025-04-12 15:00:47] [INFO] ========================
[2025-04-12 15:00:47] [INFO] Waiting for foreground job 3
[2025-04-12 15:00:47] [INFO] s_waitpid called with pid 4, nohang 1
[2025-04-12 15:00:47] [INFO] === Current Process State ===
[2025-04-12 15:00:47] [INFO] Current process: 1 (State: 0)
[2025-04-12 15:00:47] [INFO] Parent process: 0 (State: 0)
[2025-04-12 15:00:47] [INFO] === Current Process State ===
[2025-04-12 15:00:47] [INFO]   PID 4 (State: 0)
[2025-04-12 15:00:47] [INFO] Found child process 4
[2025-04-12 15:00:47] [INFO] execute_job returned
[2025-04-12 15:00:47] [INFO] Shell loop entered
[2025-04-12 15:00:47] [INFO] s_waitpid called with pid -1, nohang 1
[2025-04-12 15:00:47] [INFO] === Current Process State ===
[2025-04-12 15:00:47] [INFO] Current process: 1 (State: 0)
[2025-04-12 15:00:47] [INFO] Parent process: 0 (State: 0)
[2025-04-12 15:00:47] [INFO] === Current Process State ===
[2025-04-12 15:00:47] [INFO]   PID 4 (State: 0)
[2025-04-12 15:00:47] [INFO] === Current Queue State ===
[2025-04-12 15:00:47] [INFO] High Priority Queue:
[2025-04-12 15:00:47] [INFO]   PID 0 (State: 0)
[2025-04-12 15:00:47] [INFO]   PID 1 (State: 0)
[2025-04-12 15:00:47] [INFO] Medium Priority Queue:
[2025-04-12 15:00:47] [INFO]   PID 4 (State: 0)
[2025-04-12 15:00:47] [INFO] Low Priority Queue:
[2025-04-12 15:00:47] [INFO] Sleeping Queue:
[2025-04-12 15:00:47] [INFO] Terminated Queue:
[2025-04-12 15:00:47] [INFO] ========================
[2025-04-12 15:00:47] [INFO] CURRENT: 4
[2025-04-12 15:00:47] [INFO] Running high priority process
[2025-04-12 15:00:47] [INFO] === Current Queue State ===
[2025-04-12 15:00:47] [INFO] High Priority Queue:
[2025-04-12 15:00:47] [INFO]   PID 1 (State: 0)
[2025-04-12 15:00:47] [INFO]   PID 0 (State: 0)
[2025-04-12 15:00:47] [INFO] Medium Priority Queue:
[2025-04-12 15:00:47] [INFO]   PID 4 (State: 0)
[2025-04-12 15:00:47] [INFO] Low Priority Queue:
[2025-04-12 15:00:47] [INFO] Sleeping Queue:
[2025-04-12 15:00:47] [INFO] Terminated Queue:
[2025-04-12 15:00:47] [INFO] ========================
[2025-04-12 15:00:47] [INFO] CURRENT: 5
[2025-04-12 15:00:47] [INFO] Running high priority process
[2025-04-12 15:00:47] [INFO] === Current Queue State ===
[2025-04-12 15:00:47] [INFO] High Priority Queue:
[2025-04-12 15:00:47] [INFO]   PID 0 (State: 0)
[2025-04-12 15:00:47] [INFO]   PID 1 (State: 0)
[2025-04-12 15:00:47] [INFO] Medium Priority Queue:
[2025-04-12 15:00:47] [INFO]   PID 4 (State: 0)
[2025-04-12 15:00:47] [INFO] Low Priority Queue:
[2025-04-12 15:00:47] [INFO] Sleeping Queue:
[2025-04-12 15:00:47] [INFO] Terminated Queue:
[2025-04-12 15:00:47] [INFO] ========================
[2025-04-12 15:00:47] [INFO] CURRENT: 6
[2025-04-12 15:00:47] [INFO] Running high priority process
[2025-04-12 15:00:48] [INFO] === Current Queue State ===
[2025-04-12 15:00:48] [INFO] High Priority Queue:
[2025-04-12 15:00:48] [INFO]   PID 1 (State: 0)
[2025-04-12 15:00:48] [INFO]   PID 0 (State: 0)
[2025-04-12 15:00:48] [INFO] Medium Priority Queue:
[2025-04-12 15:00:48] [INFO]   PID 4 (State: 0)
[2025-04-12 15:00:48] [INFO] Low Priority Queue:
[2025-04-12 15:00:48] [INFO] Sleeping Queue:
[2025-04-12 15:00:48] [INFO] Terminated Queue:
[2025-04-12 15:00:48] [INFO] ========================
[2025-04-12 15:00:48] [INFO] CURRENT: 7
[2025-04-12 15:00:48] [INFO] Running high priority process
[2025-04-12 15:00:48] [INFO] === Current Queue State ===
[2025-04-12 15:00:48] [INFO] High Priority Queue:
[2025-04-12 15:00:48] [INFO]   PID 0 (State: 0)
[2025-04-12 15:00:48] [INFO]   PID 1 (State: 0)
[2025-04-12 15:00:48] [INFO] Medium Priority Queue:
[2025-04-12 15:00:48] [INFO]   PID 4 (State: 0)
[2025-04-12 15:00:48] [INFO] Low Priority Queue:
[2025-04-12 15:00:48] [INFO] Sleeping Queue:
[2025-04-12 15:00:48] [INFO] Terminated Queue:
[2025-04-12 15:00:48] [INFO] ========================
[2025-04-12 15:00:48] [INFO] CURRENT: 8
[2025-04-12 15:00:48] [INFO] Running high priority process
[2025-04-12 15:00:48] [INFO] === Current Queue State ===
[2025-04-12 15:00:48] [INFO] High Priority Queue:
[2025-04-12 15:00:48] [INFO]   PID 1 (State: 0)
[2025-04-12 15:00:48] [INFO]   PID 0 (State: 0)
[2025-04-12 15:00:48] [INFO] Medium Priority Queue:
[2025-04-12 15:00:48] [INFO]   PID 4 (State: 0)
[2025-04-12 15:00:48] [INFO] Low Priority Queue:
[2025-04-12 15:00:48] [INFO] Sleeping Queue:
[2025-04-12 15:00:48] [INFO] Terminated Queue:
[2025-04-12 15:00:48] [INFO] ========================
[2025-04-12 15:00:48] [INFO] CURRENT: 9
[2025-04-12 15:00:48] [INFO] Running medium priority process
[2025-04-12 15:00:48] [INFO] PID PPID PRI STAT CMD

[2025-04-12 15:00:48] [INFO] Process info - PID: 1, PPID: 0, STATE: 0, COMMAND: shell
[2025-04-12 15:00:48] [INFO] Process info - PID: 0, PPID: 0, STATE: 0, COMMAND: init
[2025-04-12 15:00:48] [INFO] Process info - PID: 4, PPID: 1, STATE: 0, COMMAND: ps
[2025-04-12 15:00:48] [INFO] Process 4 zombied
[2025-04-12 15:00:48] [INFO] === Current Queue State ===
[2025-04-12 15:00:48] [INFO] High Priority Queue:
[2025-04-12 15:00:48] [INFO]   PID 1 (State: 0)
[2025-04-12 15:00:48] [INFO]   PID 0 (State: 0)
[2025-04-12 15:00:48] [INFO] Medium Priority Queue:
[2025-04-12 15:00:48] [INFO] Low Priority Queue:
[2025-04-12 15:00:48] [INFO] Sleeping Queue:
[2025-04-12 15:00:48] [INFO] Terminated Queue:
[2025-04-12 15:00:48] [INFO] ========================
[2025-04-12 15:00:48] [INFO] CURRENT: 10
[2025-04-12 15:00:48] [INFO] Running medium priority process
[2025-04-12 15:00:48] [INFO] === Current Queue State ===
[2025-04-12 15:00:48] [INFO] High Priority Queue:
[2025-04-12 15:00:48] [INFO]   PID 1 (State: 0)
[2025-04-12 15:00:48] [INFO]   PID 0 (State: 0)
[2025-04-12 15:00:48] [INFO] Medium Priority Queue:
[2025-04-12 15:00:48] [INFO] Low Priority Queue:
[2025-04-12 15:00:48] [INFO] Sleeping Queue:
[2025-04-12 15:00:48] [INFO] Terminated Queue:
[2025-04-12 15:00:48] [INFO] ========================
[2025-04-12 15:00:48] [INFO] CURRENT: 11
[2025-04-12 15:00:48] [INFO] Running medium priority process
[2025-04-12 15:00:48] [INFO] === Current Queue State ===
[2025-04-12 15:00:48] [INFO] High Priority Queue:
[2025-04-12 15:00:48] [INFO]   PID 1 (State: 0)
[2025-04-12 15:00:48] [INFO]   PID 0 (State: 0)
[2025-04-12 15:00:48] [INFO] Medium Priority Queue:
[2025-04-12 15:00:48] [INFO] Low Priority Queue:
[2025-04-12 15:00:48] [INFO] Sleeping Queue:
[2025-04-12 15:00:48] [INFO] Terminated Queue:
[2025-04-12 15:00:48] [INFO] ========================
[2025-04-12 15:00:48] [INFO] CURRENT: 12
[2025-04-12 15:00:48] [INFO] Running medium priority process
[2025-04-12 15:00:48] [INFO] === Current Queue State ===
[2025-04-12 15:00:48] [INFO] High Priority Queue:
[2025-04-12 15:00:48] [INFO]   PID 1 (State: 0)
[2025-04-12 15:00:48] [INFO]   PID 0 (State: 0)
[2025-04-12 15:00:48] [INFO] Medium Priority Queue:
[2025-04-12 15:00:48] [INFO] Low Priority Queue:
[2025-04-12 15:00:48] [INFO] Sleeping Queue:
[2025-04-12 15:00:48] [INFO] Terminated Queue:
[2025-04-12 15:00:48] [INFO] ========================
[2025-04-12 15:00:48] [INFO] CURRENT: 13
[2025-04-12 15:00:49] [INFO] Running medium priority process
[2025-04-12 15:00:49] [INFO] === Current Queue State ===
[2025-04-12 15:00:49] [INFO] High Priority Queue:
[2025-04-12 15:00:49] [INFO]   PID 1 (State: 0)
[2025-04-12 15:00:49] [INFO]   PID 0 (State: 0)
[2025-04-12 15:00:49] [INFO] Medium Priority Queue:
[2025-04-12 15:00:49] [INFO] Low Priority Queue:
[2025-04-12 15:00:49] [INFO] Sleeping Queue:
[2025-04-12 15:00:49] [INFO] Terminated Queue:
[2025-04-12 15:00:49] [INFO] ========================
[2025-04-12 15:00:49] [INFO] CURRENT: 14
[2025-04-12 15:00:49] [INFO] Running medium priority process
[2025-04-12 15:00:49] [INFO] === Current Queue State ===
[2025-04-12 15:00:49] [INFO] High Priority Queue:
[2025-04-12 15:00:49] [INFO]   PID 1 (State: 0)
[2025-04-12 15:00:49] [INFO]   PID 0 (State: 0)
[2025-04-12 15:00:49] [INFO] Medium Priority Queue:
[2025-04-12 15:00:49] [INFO] Low Priority Queue:
[2025-04-12 15:00:49] [INFO] Sleeping Queue:
[2025-04-12 15:00:49] [INFO] Terminated Queue:
[2025-04-12 15:00:49] [INFO] ========================
[2025-04-12 15:00:49] [INFO] CURRENT: 15
[2025-04-12 15:00:49] [INFO] === Current Queue State ===
[2025-04-12 15:00:49] [INFO] High Priority Queue:
[2025-04-12 15:00:49] [INFO]   PID 1 (State: 0)
[2025-04-12 15:00:49] [INFO]   PID 0 (State: 0)
[2025-04-12 15:00:49] [INFO] Medium Priority Queue:
[2025-04-12 15:00:49] [INFO] Low Priority Queue:
[2025-04-12 15:00:49] [INFO] Sleeping Queue:
[2025-04-12 15:00:49] [INFO] Terminated Queue:
[2025-04-12 15:00:49] [INFO] ========================
[2025-04-12 15:00:49] [INFO] CURRENT: 16
[2025-04-12 15:00:49] [INFO] === Current Queue State ===
[2025-04-12 15:00:49] [INFO] High Priority Queue:
[2025-04-12 15:00:49] [INFO]   PID 1 (State: 0)
[2025-04-12 15:00:49] [INFO]   PID 0 (State: 0)
[2025-04-12 15:00:49] [INFO] Medium Priority Queue:
[2025-04-12 15:00:49] [INFO] Low Priority Queue:
[2025-04-12 15:00:49] [INFO] Sleeping Queue:
[2025-04-12 15:00:49] [INFO] Terminated Queue:
[2025-04-12 15:00:49] [INFO] ========================
[2025-04-12 15:00:49] [INFO] CURRENT: 17
[2025-04-12 15:00:49] [INFO] === Current Queue State ===
[2025-04-12 15:00:49] [INFO] High Priority Queue:
[2025-04-12 15:00:49] [INFO]   PID 1 (State: 0)
[2025-04-12 15:00:49] [INFO]   PID 0 (State: 0)
[2025-04-12 15:00:49] [INFO] Medium Priority Queue:
[2025-04-12 15:00:49] [INFO] Low Priority Queue:
[2025-04-12 15:00:49] [INFO] Sleeping Queue:
[2025-04-12 15:00:49] [INFO] Terminated Queue:
[2025-04-12 15:00:49] [INFO] ========================
[2025-04-12 15:00:49] [INFO] CURRENT: 0
[2025-04-12 15:00:49] [INFO] Running high priority process
[2025-04-12 15:00:49] [INFO] Read command
[2025-04-12 15:00:49] [INFO] handling jobs
[2025-04-12 15:00:49] [INFO] === Current Queue State ===
[2025-04-12 15:00:49] [INFO] High Priority Queue:
[2025-04-12 15:00:49] [INFO]   PID 1 (State: 0)
[2025-04-12 15:00:49] [INFO]   PID 0 (State: 0)
[2025-04-12 15:00:49] [INFO] Medium Priority Queue:
[2025-04-12 15:00:49] [INFO] Low Priority Queue:
[2025-04-12 15:00:49] [INFO] Sleeping Queue:
[2025-04-12 15:00:49] [INFO] Terminated Queue:
[2025-04-12 15:00:49] [INFO] ========================
[2025-04-12 15:00:49] [INFO] Adding PID 5 (priority 0) at address 0xffffa00014b0
[2025-04-12 15:00:49] [INFO] === Current Queue State ===
[2025-04-12 15:00:49] [INFO] High Priority Queue:
[2025-04-12 15:00:49] [INFO]   PID 1 (State: 0)
[2025-04-12 15:00:49] [INFO]   PID 0 (State: 0)
[2025-04-12 15:00:49] [INFO] Medium Priority Queue:
[2025-04-12 15:00:49] [INFO] Low Priority Queue:
[2025-04-12 15:00:49] [INFO] Sleeping Queue:
[2025-04-12 15:00:49] [INFO] Terminated Queue:
[2025-04-12 15:00:49] [INFO] ========================
[2025-04-12 15:00:49] [INFO] Parent PID 1
[2025-04-12 15:00:49] [INFO] Spawning process 5
[2025-04-12 15:00:49] [INFO] === Current Queue State ===
[2025-04-12 15:00:49] [INFO] High Priority Queue:
[2025-04-12 15:00:49] [INFO]   PID 1 (State: 0)
[2025-04-12 15:00:49] [INFO]   PID 0 (State: 0)
[2025-04-12 15:00:49] [INFO] Medium Priority Queue:
[2025-04-12 15:00:49] [INFO] Low Priority Queue:
[2025-04-12 15:00:49] [INFO] Sleeping Queue:
[2025-04-12 15:00:49] [INFO] Terminated Queue:
[2025-04-12 15:00:49] [INFO] ========================
[2025-04-12 15:00:49] [INFO] AFTER CREATING
[2025-04-12 15:00:49] [INFO] Adding PID 5 (priority 1) at address 0xffffa00014b0
[2025-04-12 15:00:49] [INFO]   Target queue: MEDIUM (list addr: 0xaaaae24574b0)
[2025-04-12 15:00:49] [INFO]   After add - proc prev: (nil), next: (nil)
[2025-04-12 15:00:49] [INFO] === Current Queue State ===
[2025-04-12 15:00:49] [INFO] High Priority Queue:
[2025-04-12 15:00:49] [INFO]   PID 1 (State: 0)
[2025-04-12 15:00:49] [INFO]   PID 0 (State: 0)
[2025-04-12 15:00:49] [INFO] Medium Priority Queue:
[2025-04-12 15:00:49] [INFO]   PID 5 (State: 0)
[2025-04-12 15:00:49] [INFO] Low Priority Queue:
[2025-04-12 15:00:49] [INFO] Sleeping Queue:
[2025-04-12 15:00:49] [INFO] Terminated Queue:
[2025-04-12 15:00:49] [INFO] ========================
[2025-04-12 15:00:49] [INFO] Waiting for foreground job 4
[2025-04-12 15:00:49] [INFO] s_waitpid called with pid 5, nohang 1
[2025-04-12 15:00:49] [INFO] === Current Process State ===
[2025-04-12 15:00:49] [INFO] Current process: 1 (State: 0)
[2025-04-12 15:00:49] [INFO] Parent process: 0 (State: 0)
[2025-04-12 15:00:49] [INFO] === Current Process State ===
[2025-04-12 15:00:49] [INFO]   PID 4 (State: 3)
[2025-04-12 15:00:49] [INFO]   PID 5 (State: 0)
[2025-04-12 15:00:49] [INFO] Found child process 5
[2025-04-12 15:00:49] [INFO] execute_job returned
[2025-04-12 15:00:49] [INFO] Shell loop entered
[2025-04-12 15:00:49] [INFO] s_waitpid called with pid -1, nohang 1
[2025-04-12 15:00:49] [INFO] === Current Process State ===
[2025-04-12 15:00:49] [INFO] Current process: 1 (State: 0)
[2025-04-12 15:00:49] [INFO] Parent process: 0 (State: 0)
[2025-04-12 15:00:49] [INFO] === Current Process State ===
[2025-04-12 15:00:49] [INFO]   PID 4 (State: 3)
[2025-04-12 15:00:49] [INFO]   PID 5 (State: 0)
[2025-04-12 15:00:49] [INFO] Found zombied child process 4
[2025-04-12 15:00:49] [INFO] Removing job with PID 4
[2025-04-12 15:00:49] [INFO] No job found for PID 4 - may have been already removed
[2025-04-12 15:00:49] [INFO] s_waitpid called with pid -1, nohang 1
[2025-04-12 15:00:49] [INFO] === Current Process State ===
[2025-04-12 15:00:49] [INFO] Current process: 1 (State: 0)
[2025-04-12 15:00:49] [INFO] Parent process: 0 (State: 0)
[2025-04-12 15:00:49] [INFO] === Current Process State ===
[2025-04-12 15:00:49] [INFO]   PID 5 (State: 0)
[2025-04-12 15:00:49] [INFO] === Current Queue State ===
[2025-04-12 15:00:49] [INFO] High Priority Queue:
[2025-04-12 15:00:49] [INFO]   PID 0 (State: 0)
[2025-04-12 15:00:49] [INFO]   PID 1 (State: 0)
[2025-04-12 15:00:49] [INFO] Medium Priority Queue:
[2025-04-12 15:00:49] [INFO]   PID 5 (State: 0)
[2025-04-12 15:00:49] [INFO] Low Priority Queue:
[2025-04-12 15:00:49] [INFO] Sleeping Queue:
[2025-04-12 15:00:49] [INFO] Terminated Queue:
[2025-04-12 15:00:49] [INFO]   PID 4
[2025-04-12 15:00:49] [INFO] ========================
[2025-04-12 15:00:49] [INFO] CURRENT: 1
[2025-04-12 15:00:49] [INFO] Running high priority process
[2025-04-12 15:00:49] [INFO] === Current Process State ===
[2025-04-12 15:00:49] [INFO] Current process: 0 (State: 0)
[2025-04-12 15:00:49] [INFO] Parent process: 0 (State: 0)
[2025-04-12 15:00:49] [INFO] === Current Process State ===
[2025-04-12 15:00:49] [INFO]   PID 5 (State: 0)
[2025-04-12 15:00:49] [INFO] freeing proc 4
[2025-04-12 15:00:49] [INFO] === Current Process State ===
[2025-04-12 15:00:49] [INFO] Current process: 0 (State: 0)
[2025-04-12 15:00:49] [INFO] Parent process: 0 (State: 0)
[2025-04-12 15:00:49] [INFO] === Current Process State ===
[2025-04-12 15:00:49] [INFO] === Current Process State ===
[2025-04-12 15:00:49] [INFO] Current process: 0 (State: 0)
[2025-04-12 15:00:49] [INFO] Parent process: 0 (State: 0)
[2025-04-12 15:00:49] [INFO] === Current Process State ===
[2025-04-12 15:00:49] [INFO] === Current Queue State ===
[2025-04-12 15:00:49] [INFO] High Priority Queue:
[2025-04-12 15:00:49] [INFO]   PID 1 (State: 0)
[2025-04-12 15:00:49] [INFO]   PID 0 (State: 0)
[2025-04-12 15:00:49] [INFO] Medium Priority Queue:
[2025-04-12 15:00:49] [INFO]   PID 5 (State: 0)
[2025-04-12 15:00:49] [INFO] Low Priority Queue:
[2025-04-12 15:00:49] [INFO] Sleeping Queue:
[2025-04-12 15:00:49] [INFO] Terminated Queue:
[2025-04-12 15:00:49] [INFO] ========================
[2025-04-12 15:00:49] [INFO] CURRENT: 2
[2025-04-12 15:00:49] [INFO] Running high priority process
[2025-04-12 15:00:50] [INFO] === Current Queue State ===
[2025-04-12 15:00:50] [INFO] High Priority Queue:
[2025-04-12 15:00:50] [INFO]   PID 0 (State: 0)
[2025-04-12 15:00:50] [INFO]   PID 1 (State: 0)
[2025-04-12 15:00:50] [INFO] Medium Priority Queue:
[2025-04-12 15:00:50] [INFO]   PID 5 (State: 0)
[2025-04-12 15:00:50] [INFO] Low Priority Queue:
[2025-04-12 15:00:50] [INFO] Sleeping Queue:
[2025-04-12 15:00:50] [INFO] Terminated Queue:
[2025-04-12 15:00:50] [INFO] ========================
[2025-04-12 15:00:50] [INFO] CURRENT: 3
[2025-04-12 15:00:50] [INFO] Running high priority process
[2025-04-12 15:00:50] [INFO] === Current Queue State ===
[2025-04-12 15:00:50] [INFO] High Priority Queue:
[2025-04-12 15:00:50] [INFO]   PID 1 (State: 0)
[2025-04-12 15:00:50] [INFO]   PID 0 (State: 0)
[2025-04-12 15:00:50] [INFO] Medium Priority Queue:
[2025-04-12 15:00:50] [INFO]   PID 5 (State: 0)
[2025-04-12 15:00:50] [INFO] Low Priority Queue:
[2025-04-12 15:00:50] [INFO] Sleeping Queue:
[2025-04-12 15:00:50] [INFO] Terminated Queue:
[2025-04-12 15:00:50] [INFO] ========================
[2025-04-12 15:00:50] [INFO] CURRENT: 4
[2025-04-12 15:00:50] [INFO] Running high priority process
[2025-04-12 15:00:50] [INFO] === Current Queue State ===
[2025-04-12 15:00:50] [INFO] High Priority Queue:
[2025-04-12 15:00:50] [INFO]   PID 0 (State: 0)
[2025-04-12 15:00:50] [INFO]   PID 1 (State: 0)
[2025-04-12 15:00:50] [INFO] Medium Priority Queue:
[2025-04-12 15:00:50] [INFO]   PID 5 (State: 0)
[2025-04-12 15:00:50] [INFO] Low Priority Queue:
[2025-04-12 15:00:50] [INFO] Sleeping Queue:
[2025-04-12 15:00:50] [INFO] Terminated Queue:
[2025-04-12 15:00:50] [INFO] ========================
[2025-04-12 15:00:50] [INFO] CURRENT: 5
[2025-04-12 15:00:50] [INFO] Running high priority process
[2025-04-12 15:00:50] [INFO] === Current Queue State ===
[2025-04-12 15:00:50] [INFO] High Priority Queue:
[2025-04-12 15:00:50] [INFO]   PID 1 (State: 0)
[2025-04-12 15:00:50] [INFO]   PID 0 (State: 0)
[2025-04-12 15:00:50] [INFO] Medium Priority Queue:
[2025-04-12 15:00:50] [INFO]   PID 5 (State: 0)
[2025-04-12 15:00:50] [INFO] Low Priority Queue:
[2025-04-12 15:00:50] [INFO] Sleeping Queue:
[2025-04-12 15:00:50] [INFO] Terminated Queue:
[2025-04-12 15:00:50] [INFO] ========================
[2025-04-12 15:00:50] [INFO] CURRENT: 6
[2025-04-12 15:00:50] [INFO] Running high priority process
[2025-04-12 15:00:50] [INFO] === Current Queue State ===
[2025-04-12 15:00:50] [INFO] High Priority Queue:
[2025-04-12 15:00:50] [INFO]   PID 0 (State: 0)
[2025-04-12 15:00:50] [INFO]   PID 1 (State: 0)
[2025-04-12 15:00:50] [INFO] Medium Priority Queue:
[2025-04-12 15:00:50] [INFO]   PID 5 (State: 0)
[2025-04-12 15:00:50] [INFO] Low Priority Queue:
[2025-04-12 15:00:50] [INFO] Sleeping Queue:
[2025-04-12 15:00:50] [INFO] Terminated Queue:
[2025-04-12 15:00:50] [INFO] ========================
[2025-04-12 15:00:50] [INFO] CURRENT: 7
[2025-04-12 15:00:50] [INFO] Running high priority process
[2025-04-12 15:00:51] [INFO] === Current Queue State ===
[2025-04-12 15:00:51] [INFO] High Priority Queue:
[2025-04-12 15:00:51] [INFO]   PID 1 (State: 0)
[2025-04-12 15:00:51] [INFO]   PID 0 (State: 0)
[2025-04-12 15:00:51] [INFO] Medium Priority Queue:
[2025-04-12 15:00:51] [INFO]   PID 5 (State: 0)
[2025-04-12 15:00:51] [INFO] Low Priority Queue:
[2025-04-12 15:00:51] [INFO] Sleeping Queue:
[2025-04-12 15:00:51] [INFO] Terminated Queue:
[2025-04-12 15:00:51] [INFO] ========================
[2025-04-12 15:00:51] [INFO] CURRENT: 8
[2025-04-12 15:00:51] [INFO] Running high priority process
[2025-04-12 15:00:51] [INFO] === Current Queue State ===
[2025-04-12 15:00:51] [INFO] High Priority Queue:
[2025-04-12 15:00:51] [INFO]   PID 0 (State: 0)
[2025-04-12 15:00:51] [INFO]   PID 1 (State: 0)
[2025-04-12 15:00:51] [INFO] Medium Priority Queue:
[2025-04-12 15:00:51] [INFO]   PID 5 (State: 0)
[2025-04-12 15:00:51] [INFO] Low Priority Queue:
[2025-04-12 15:00:51] [INFO] Sleeping Queue:
[2025-04-12 15:00:51] [INFO] Terminated Queue:
[2025-04-12 15:00:51] [INFO] ========================
[2025-04-12 15:00:51] [INFO] CURRENT: 9
[2025-04-12 15:00:51] [INFO] Running medium priority process
[2025-04-12 15:00:51] [INFO] PID PPID PRI STAT CMD

[2025-04-12 15:00:51] [INFO] Process info - PID: 0, PPID: 0, STATE: 0, COMMAND: init
[2025-04-12 15:00:51] [INFO] Process info - PID: 1, PPID: 0, STATE: 0, COMMAND: shell
[2025-04-12 15:00:51] [INFO] Process info - PID: 5, PPID: 1, STATE: 0, COMMAND: ps
[2025-04-12 15:00:51] [INFO] Process 5 zombied
[2025-04-12 15:00:51] [INFO] === Current Queue State ===
[2025-04-12 15:00:51] [INFO] High Priority Queue:
[2025-04-12 15:00:51] [INFO]   PID 0 (State: 0)
[2025-04-12 15:00:51] [INFO]   PID 1 (State: 0)
[2025-04-12 15:00:51] [INFO] Medium Priority Queue:
[2025-04-12 15:00:51] [INFO] Low Priority Queue:
[2025-04-12 15:00:51] [INFO] Sleeping Queue:
[2025-04-12 15:00:51] [INFO] Terminated Queue:
[2025-04-12 15:00:51] [INFO] ========================
[2025-04-12 15:00:51] [INFO] CURRENT: 10
[2025-04-12 15:00:51] [INFO] Running medium priority process
[2025-04-12 15:00:51] [INFO] === Current Queue State ===
[2025-04-12 15:00:51] [INFO] High Priority Queue:
[2025-04-12 15:00:51] [INFO]   PID 0 (State: 0)
[2025-04-12 15:00:51] [INFO]   PID 1 (State: 0)
[2025-04-12 15:00:51] [INFO] Medium Priority Queue:
[2025-04-12 15:00:51] [INFO] Low Priority Queue:
[2025-04-12 15:00:51] [INFO] Sleeping Queue:
[2025-04-12 15:00:51] [INFO] Terminated Queue:
[2025-04-12 15:00:51] [INFO] ========================
[2025-04-12 15:00:51] [INFO] CURRENT: 11
[2025-04-12 15:00:51] [INFO] Running medium priority process
[2025-04-12 15:00:51] [INFO] === Current Queue State ===
[2025-04-12 15:00:51] [INFO] High Priority Queue:
[2025-04-12 15:00:51] [INFO]   PID 0 (State: 0)
[2025-04-12 15:00:51] [INFO]   PID 1 (State: 0)
[2025-04-12 15:00:51] [INFO] Medium Priority Queue:
[2025-04-12 15:00:51] [INFO] Low Priority Queue:
[2025-04-12 15:00:51] [INFO] Sleeping Queue:
[2025-04-12 15:00:51] [INFO] Terminated Queue:
[2025-04-12 15:00:51] [INFO] ========================
[2025-04-12 15:00:51] [INFO] CURRENT: 12
[2025-04-12 15:00:51] [INFO] Running medium priority process
[2025-04-12 15:00:51] [INFO] === Current Queue State ===
[2025-04-12 15:00:51] [INFO] High Priority Queue:
[2025-04-12 15:00:51] [INFO]   PID 0 (State: 0)
[2025-04-12 15:00:51] [INFO]   PID 1 (State: 0)
[2025-04-12 15:00:51] [INFO] Medium Priority Queue:
[2025-04-12 15:00:51] [INFO] Low Priority Queue:
[2025-04-12 15:00:51] [INFO] Sleeping Queue:
[2025-04-12 15:00:51] [INFO] Terminated Queue:
[2025-04-12 15:00:51] [INFO] ========================
[2025-04-12 15:00:51] [INFO] CURRENT: 13
[2025-04-12 15:00:51] [INFO] Running medium priority process
[2025-04-12 15:00:51] [INFO] === Current Queue State ===
[2025-04-12 15:00:51] [INFO] High Priority Queue:
[2025-04-12 15:00:51] [INFO]   PID 0 (State: 0)
[2025-04-12 15:00:51] [INFO]   PID 1 (State: 0)
[2025-04-12 15:00:51] [INFO] Medium Priority Queue:
[2025-04-12 15:00:51] [INFO] Low Priority Queue:
[2025-04-12 15:00:51] [INFO] Sleeping Queue:
[2025-04-12 15:00:51] [INFO] Terminated Queue:
[2025-04-12 15:00:51] [INFO] ========================
[2025-04-12 15:00:51] [INFO] CURRENT: 14
[2025-04-12 15:00:51] [INFO] Running medium priority process
[2025-04-12 15:00:51] [INFO] === Current Queue State ===
[2025-04-12 15:00:51] [INFO] High Priority Queue:
[2025-04-12 15:00:51] [INFO]   PID 0 (State: 0)
[2025-04-12 15:00:51] [INFO]   PID 1 (State: 0)
[2025-04-12 15:00:51] [INFO] Medium Priority Queue:
[2025-04-12 15:00:51] [INFO] Low Priority Queue:
[2025-04-12 15:00:51] [INFO] Sleeping Queue:
[2025-04-12 15:00:51] [INFO] Terminated Queue:
[2025-04-12 15:00:51] [INFO] ========================
[2025-04-12 15:00:51] [INFO] CURRENT: 15
[2025-04-12 15:00:51] [INFO] No runnable processes, scheduler idling
[2025-04-12 15:00:52] [INFO] === Current Queue State ===
[2025-04-12 15:00:52] [INFO] High Priority Queue:
[2025-04-12 15:00:52] [INFO]   PID 0 (State: 0)
[2025-04-12 15:00:52] [INFO]   PID 1 (State: 0)
[2025-04-12 15:00:52] [INFO] Medium Priority Queue:
[2025-04-12 15:00:52] [INFO] Low Priority Queue:
[2025-04-12 15:00:52] [INFO] Sleeping Queue:
[2025-04-12 15:00:52] [INFO] Terminated Queue:
[2025-04-12 15:00:52] [INFO] ========================
[2025-04-12 15:00:52] [INFO] CURRENT: 0
[2025-04-12 15:00:52] [INFO] Running high priority process
[2025-04-12 15:00:52] [INFO] === Current Queue State ===
[2025-04-12 15:00:52] [INFO] High Priority Queue:
[2025-04-12 15:00:52] [INFO]   PID 1 (State: 0)
[2025-04-12 15:00:52] [INFO]   PID 0 (State: 0)
[2025-04-12 15:00:52] [INFO] Medium Priority Queue:
[2025-04-12 15:00:52] [INFO] Low Priority Queue:
[2025-04-12 15:00:52] [INFO] Sleeping Queue:
[2025-04-12 15:00:52] [INFO] Terminated Queue:
[2025-04-12 15:00:52] [INFO] ========================
[2025-04-12 15:00:52] [INFO] CURRENT: 1
[2025-04-12 15:00:52] [INFO] Running high priority process
[2025-04-12 15:00:52] [INFO] Read command
[2025-04-12 15:00:52] [INFO] handling jobs
[2025-04-12 15:00:52] [INFO] === Current Queue State ===
[2025-04-12 15:00:52] [INFO] High Priority Queue:
[2025-04-12 15:00:52] [INFO]   PID 1 (State: 0)
[2025-04-12 15:00:52] [INFO]   PID 0 (State: 0)
[2025-04-12 15:00:52] [INFO] Medium Priority Queue:
[2025-04-12 15:00:52] [INFO] Low Priority Queue:
[2025-04-12 15:00:52] [INFO] Sleeping Queue:
[2025-04-12 15:00:52] [INFO] Terminated Queue:
[2025-04-12 15:00:52] [INFO] ========================
[2025-04-12 15:00:52] [INFO] Adding PID 6 (priority 0) at address 0xffffa0001810
[2025-04-12 15:00:52] [INFO] === Current Queue State ===
[2025-04-12 15:00:52] [INFO] High Priority Queue:
[2025-04-12 15:00:52] [INFO]   PID 1 (State: 0)
[2025-04-12 15:00:52] [INFO]   PID 0 (State: 0)
[2025-04-12 15:00:52] [INFO] Medium Priority Queue:
[2025-04-12 15:00:52] [INFO] Low Priority Queue:
[2025-04-12 15:00:52] [INFO] Sleeping Queue:
[2025-04-12 15:00:52] [INFO] Terminated Queue:
[2025-04-12 15:00:52] [INFO] ========================
[2025-04-12 15:00:52] [INFO] Parent PID 1
[2025-04-12 15:00:52] [INFO] Spawning process 6
[2025-04-12 15:00:52] [INFO] === Current Queue State ===
[2025-04-12 15:00:52] [INFO] High Priority Queue:
[2025-04-12 15:00:52] [INFO]   PID 1 (State: 0)
[2025-04-12 15:00:52] [INFO]   PID 0 (State: 0)
[2025-04-12 15:00:52] [INFO] Medium Priority Queue:
[2025-04-12 15:00:52] [INFO] Low Priority Queue:
[2025-04-12 15:00:52] [INFO] Sleeping Queue:
[2025-04-12 15:00:52] [INFO] Terminated Queue:
[2025-04-12 15:00:52] [INFO] ========================
[2025-04-12 15:00:52] [INFO] AFTER CREATING
[2025-04-12 15:00:52] [INFO] Adding PID 6 (priority 1) at address 0xffffa0001810
[2025-04-12 15:00:52] [INFO]   Target queue: MEDIUM (list addr: 0xaaaae24574b0)
[2025-04-12 15:00:52] [INFO]   After add - proc prev: (nil), next: (nil)
[2025-04-12 15:00:52] [INFO] === Current Queue State ===
[2025-04-12 15:00:52] [INFO] High Priority Queue:
[2025-04-12 15:00:52] [INFO]   PID 1 (State: 0)
[2025-04-12 15:00:52] [INFO]   PID 0 (State: 0)
[2025-04-12 15:00:52] [INFO] Medium Priority Queue:
[2025-04-12 15:00:52] [INFO]   PID 6 (State: 0)
[2025-04-12 15:00:52] [INFO] Low Priority Queue:
[2025-04-12 15:00:52] [INFO] Sleeping Queue:
[2025-04-12 15:00:52] [INFO] Terminated Queue:
[2025-04-12 15:00:52] [INFO] ========================
[2025-04-12 15:00:52] [INFO] Waiting for foreground job 5
[2025-04-12 15:00:52] [INFO] s_waitpid called with pid 6, nohang 1
[2025-04-12 15:00:52] [INFO] === Current Process State ===
[2025-04-12 15:00:52] [INFO] Current process: 1 (State: 0)
[2025-04-12 15:00:52] [INFO] Parent process: 0 (State: 0)
[2025-04-12 15:00:52] [INFO] === Current Process State ===
[2025-04-12 15:00:52] [INFO]   PID 6 (State: 0)
[2025-04-12 15:00:52] [INFO] Found child process 6
[2025-04-12 15:00:52] [INFO] execute_job returned
[2025-04-12 15:00:52] [INFO] Shell loop entered
[2025-04-12 15:00:52] [INFO] s_waitpid called with pid -1, nohang 1
[2025-04-12 15:00:52] [INFO] === Current Process State ===
[2025-04-12 15:00:52] [INFO] Current process: 1 (State: 0)
[2025-04-12 15:00:52] [INFO] Parent process: 0 (State: 0)
[2025-04-12 15:00:52] [INFO] === Current Process State ===
[2025-04-12 15:00:52] [INFO]   PID 6 (State: 0)
[2025-04-12 15:00:52] [INFO] === Current Queue State ===
[2025-04-12 15:00:52] [INFO] High Priority Queue:
[2025-04-12 15:00:52] [INFO]   PID 0 (State: 0)
[2025-04-12 15:00:52] [INFO]   PID 1 (State: 0)
[2025-04-12 15:00:52] [INFO] Medium Priority Queue:
[2025-04-12 15:00:52] [INFO]   PID 6 (State: 0)
[2025-04-12 15:00:52] [INFO] Low Priority Queue:
[2025-04-12 15:00:52] [INFO] Sleeping Queue:
[2025-04-12 15:00:52] [INFO] Terminated Queue:
[2025-04-12 15:00:52] [INFO] ========================
[2025-04-12 15:00:52] [INFO] CURRENT: 2
[2025-04-12 15:00:52] [INFO] Running high priority process
[2025-04-12 15:00:52] [INFO] === Current Queue State ===
[2025-04-12 15:00:52] [INFO] High Priority Queue:
[2025-04-12 15:00:52] [INFO]   PID 1 (State: 0)
[2025-04-12 15:00:52] [INFO]   PID 0 (State: 0)
[2025-04-12 15:00:52] [INFO] Medium Priority Queue:
[2025-04-12 15:00:52] [INFO]   PID 6 (State: 0)
[2025-04-12 15:00:52] [INFO] Low Priority Queue:
[2025-04-12 15:00:52] [INFO] Sleeping Queue:
[2025-04-12 15:00:52] [INFO] Terminated Queue:
[2025-04-12 15:00:52] [INFO] ========================
[2025-04-12 15:00:52] [INFO] CURRENT: 3
[2025-04-12 15:00:52] [INFO] Running high priority process
[2025-04-12 15:00:52] [INFO] === Current Queue State ===
[2025-04-12 15:00:52] [INFO] High Priority Queue:
[2025-04-12 15:00:52] [INFO]   PID 0 (State: 0)
[2025-04-12 15:00:52] [INFO]   PID 1 (State: 0)
[2025-04-12 15:00:52] [INFO] Medium Priority Queue:
[2025-04-12 15:00:52] [INFO]   PID 6 (State: 0)
[2025-04-12 15:00:52] [INFO] Low Priority Queue:
[2025-04-12 15:00:52] [INFO] Sleeping Queue:
[2025-04-12 15:00:52] [INFO] Terminated Queue:
[2025-04-12 15:00:52] [INFO] ========================
[2025-04-12 15:00:52] [INFO] CURRENT: 4
[2025-04-12 15:00:52] [INFO] Running high priority process
[2025-04-12 15:00:53] [INFO] === Current Queue State ===
[2025-04-12 15:00:53] [INFO] High Priority Queue:
[2025-04-12 15:00:53] [INFO]   PID 1 (State: 0)
[2025-04-12 15:00:53] [INFO]   PID 0 (State: 0)
[2025-04-12 15:00:53] [INFO] Medium Priority Queue:
[2025-04-12 15:00:53] [INFO]   PID 6 (State: 0)
[2025-04-12 15:00:53] [INFO] Low Priority Queue:
[2025-04-12 15:00:53] [INFO] Sleeping Queue:
[2025-04-12 15:00:53] [INFO] Terminated Queue:
[2025-04-12 15:00:53] [INFO] ========================
[2025-04-12 15:00:53] [INFO] CURRENT: 5
[2025-04-12 15:00:53] [INFO] Running high priority process
[2025-04-12 15:00:53] [INFO] === Current Queue State ===
[2025-04-12 15:00:53] [INFO] High Priority Queue:
[2025-04-12 15:00:53] [INFO]   PID 0 (State: 0)
[2025-04-12 15:00:53] [INFO]   PID 1 (State: 0)
[2025-04-12 15:00:53] [INFO] Medium Priority Queue:
[2025-04-12 15:00:53] [INFO]   PID 6 (State: 0)
[2025-04-12 15:00:53] [INFO] Low Priority Queue:
[2025-04-12 15:00:53] [INFO] Sleeping Queue:
[2025-04-12 15:00:53] [INFO] Terminated Queue:
[2025-04-12 15:00:53] [INFO] ========================
[2025-04-12 15:00:53] [INFO] CURRENT: 6
[2025-04-12 15:00:53] [INFO] Running high priority process
[2025-04-12 15:00:53] [INFO] === Current Queue State ===
[2025-04-12 15:00:53] [INFO] High Priority Queue:
[2025-04-12 15:00:53] [INFO]   PID 1 (State: 0)
[2025-04-12 15:00:53] [INFO]   PID 0 (State: 0)
[2025-04-12 15:00:53] [INFO] Medium Priority Queue:
[2025-04-12 15:00:53] [INFO]   PID 6 (State: 0)
[2025-04-12 15:00:53] [INFO] Low Priority Queue:
[2025-04-12 15:00:53] [INFO] Sleeping Queue:
[2025-04-12 15:00:53] [INFO] Terminated Queue:
[2025-04-12 15:00:53] [INFO] ========================
[2025-04-12 15:00:53] [INFO] CURRENT: 7
[2025-04-12 15:00:53] [INFO] Running high priority process
[2025-04-12 15:00:53] [INFO] === Current Queue State ===
[2025-04-12 15:00:53] [INFO] High Priority Queue:
[2025-04-12 15:00:53] [INFO]   PID 0 (State: 0)
[2025-04-12 15:00:53] [INFO]   PID 1 (State: 0)
[2025-04-12 15:00:53] [INFO] Medium Priority Queue:
[2025-04-12 15:00:53] [INFO]   PID 6 (State: 0)
[2025-04-12 15:00:53] [INFO] Low Priority Queue:
[2025-04-12 15:00:53] [INFO] Sleeping Queue:
[2025-04-12 15:00:53] [INFO] Terminated Queue:
[2025-04-12 15:00:53] [INFO] ========================
[2025-04-12 15:00:53] [INFO] CURRENT: 8
[2025-04-12 15:00:53] [INFO] Running high priority process
[2025-04-12 15:00:53] [INFO] === Current Queue State ===
[2025-04-12 15:00:53] [INFO] High Priority Queue:
[2025-04-12 15:00:53] [INFO]   PID 1 (State: 0)
[2025-04-12 15:00:53] [INFO]   PID 0 (State: 0)
[2025-04-12 15:00:53] [INFO] Medium Priority Queue:
[2025-04-12 15:00:53] [INFO]   PID 6 (State: 0)
[2025-04-12 15:00:54] [INFO] Low Priority Queue:
[2025-04-12 15:00:54] [INFO] Sleeping Queue:
[2025-04-12 15:00:54] [INFO] Terminated Queue:
[2025-04-12 15:00:54] [INFO] ========================
[2025-04-12 15:00:54] [INFO] CURRENT: 9
[2025-04-12 15:00:54] [INFO] Running medium priority process
[2025-04-12 15:00:54] [INFO] PID PPID PRI STAT CMD

[2025-04-12 15:00:54] [INFO] Process info - PID: 1, PPID: 0, STATE: 0, COMMAND: shell
[2025-04-12 15:00:54] [INFO] Process info - PID: 0, PPID: 0, STATE: 0, COMMAND: init
[2025-04-12 15:00:54] [INFO] Process info - PID: 6, PPID: 1, STATE: 0, COMMAND: ps
[2025-04-12 15:00:54] [INFO] Process 6 zombied
[2025-04-12 15:00:54] [INFO] === Current Queue State ===
[2025-04-12 15:00:54] [INFO] High Priority Queue:
[2025-04-12 15:00:54] [INFO]   PID 1 (State: 0)
[2025-04-12 15:00:54] [INFO]   PID 0 (State: 0)
[2025-04-12 15:00:54] [INFO] Medium Priority Queue:
[2025-04-12 15:00:54] [INFO] Low Priority Queue:
[2025-04-12 15:00:54] [INFO] Sleeping Queue:
[2025-04-12 15:00:54] [INFO] Terminated Queue:
[2025-04-12 15:00:54] [INFO] ========================
[2025-04-12 15:00:54] [INFO] CURRENT: 10
[2025-04-12 15:00:54] [INFO] Running medium priority process
[2025-04-12 15:00:54] [INFO] === Current Queue State ===
[2025-04-12 15:00:54] [INFO] High Priority Queue:
[2025-04-12 15:00:54] [INFO]   PID 1 (State: 0)
[2025-04-12 15:00:54] [INFO]   PID 0 (State: 0)
[2025-04-12 15:00:54] [INFO] Medium Priority Queue:
[2025-04-12 15:00:54] [INFO] Low Priority Queue:
[2025-04-12 15:00:54] [INFO] Sleeping Queue:
[2025-04-12 15:00:54] [INFO] Terminated Queue:
[2025-04-12 15:00:54] [INFO] ========================
[2025-04-12 15:00:54] [INFO] CURRENT: 11
[2025-04-12 15:00:54] [INFO] Running medium priority process
[2025-04-12 15:00:54] [INFO] === Current Queue State ===
[2025-04-12 15:00:54] [INFO] High Priority Queue:
[2025-04-12 15:00:54] [INFO]   PID 1 (State: 0)
[2025-04-12 15:00:54] [INFO]   PID 0 (State: 0)
[2025-04-12 15:00:54] [INFO] Medium Priority Queue:
[2025-04-12 15:00:54] [INFO] Low Priority Queue:
[2025-04-12 15:00:54] [INFO] Sleeping Queue:
[2025-04-12 15:00:54] [INFO] Terminated Queue:
[2025-04-12 15:00:54] [INFO] ========================
[2025-04-12 15:00:54] [INFO] CURRENT: 12
[2025-04-12 15:00:54] [INFO] Running medium priority process
[2025-04-12 15:00:54] [INFO] === Current Queue State ===
[2025-04-12 15:00:54] [INFO] High Priority Queue:
[2025-04-12 15:00:54] [INFO]   PID 1 (State: 0)
[2025-04-12 15:00:54] [INFO]   PID 0 (State: 0)
[2025-04-12 15:00:54] [INFO] Medium Priority Queue:
[2025-04-12 15:00:54] [INFO] Low Priority Queue:
[2025-04-12 15:00:54] [INFO] Sleeping Queue:
[2025-04-12 15:00:54] [INFO] Terminated Queue:
[2025-04-12 15:00:54] [INFO] ========================
[2025-04-12 15:00:54] [INFO] CURRENT: 13
[2025-04-12 15:00:54] [INFO] Running medium priority process
[2025-04-12 15:00:54] [INFO] === Current Queue State ===
[2025-04-12 15:00:54] [INFO] High Priority Queue:
[2025-04-12 15:00:54] [INFO]   PID 1 (State: 0)
[2025-04-12 15:00:54] [INFO]   PID 0 (State: 0)
[2025-04-12 15:00:54] [INFO] Medium Priority Queue:
[2025-04-12 15:00:54] [INFO] Low Priority Queue:
[2025-04-12 15:00:54] [INFO] Sleeping Queue:
[2025-04-12 15:00:54] [INFO] Terminated Queue:
[2025-04-12 15:00:54] [INFO] ========================
[2025-04-12 15:00:54] [INFO] CURRENT: 14
[2025-04-12 15:00:54] [INFO] Running medium priority process
[2025-04-12 15:00:54] [INFO] === Current Queue State ===
[2025-04-12 15:00:54] [INFO] High Priority Queue:
[2025-04-12 15:00:54] [INFO]   PID 1 (State: 0)
[2025-04-12 15:00:54] [INFO]   PID 0 (State: 0)
[2025-04-12 15:00:54] [INFO] Medium Priority Queue:
[2025-04-12 15:00:54] [INFO] Low Priority Queue:
[2025-04-12 15:00:54] [INFO] Sleeping Queue:
[2025-04-12 15:00:54] [INFO] Terminated Queue:
[2025-04-12 15:00:54] [INFO] ========================
[2025-04-12 15:00:54] [INFO] CURRENT: 15
[2025-04-12 15:00:54] [INFO] === Current Queue State ===
[2025-04-12 15:00:54] [INFO] High Priority Queue:
[2025-04-12 15:00:54] [INFO]   PID 1 (State: 0)
[2025-04-12 15:00:54] [INFO]   PID 0 (State: 0)
[2025-04-12 15:00:54] [INFO] Medium Priority Queue:
[2025-04-12 15:00:54] [INFO] Low Priority Queue:
[2025-04-12 15:00:54] [INFO] Sleeping Queue:
[2025-04-12 15:00:54] [INFO] Terminated Queue:
[2025-04-12 15:00:54] [INFO] ========================
[2025-04-12 15:00:54] [INFO] CURRENT: 16
[2025-04-12 15:00:54] [INFO] === Current Queue State ===
[2025-04-12 15:00:54] [INFO] High Priority Queue:
[2025-04-12 15:00:54] [INFO]   PID 1 (State: 0)
[2025-04-12 15:00:54] [INFO]   PID 0 (State: 0)
[2025-04-12 15:00:54] [INFO] Medium Priority Queue:
[2025-04-12 15:00:54] [INFO] Low Priority Queue:
[2025-04-12 15:00:54] [INFO] Sleeping Queue:
[2025-04-12 15:00:54] [INFO] Terminated Queue:
[2025-04-12 15:00:54] [INFO] ========================
[2025-04-12 15:00:54] [INFO] CURRENT: 17
[2025-04-12 15:00:54] [INFO] === Current Queue State ===
[2025-04-12 15:00:54] [INFO] High Priority Queue:
[2025-04-12 15:00:54] [INFO]   PID 1 (State: 0)
[2025-04-12 15:00:54] [INFO]   PID 0 (State: 0)
[2025-04-12 15:00:54] [INFO] Medium Priority Queue:
[2025-04-12 15:00:54] [INFO] Low Priority Queue:
[2025-04-12 15:00:54] [INFO] Sleeping Queue:
[2025-04-12 15:00:54] [INFO] Terminated Queue:
[2025-04-12 15:00:54] [INFO] ========================
[2025-04-12 15:00:54] [INFO] CURRENT: 0
[2025-04-12 15:00:54] [INFO] Running high priority process
[2025-04-12 15:00:54] [INFO] Read command
[2025-04-12 15:00:54] [INFO] handling jobs
[2025-04-12 15:00:55] [INFO] === Current Queue State ===
[2025-04-12 15:00:55] [INFO] High Priority Queue:
[2025-04-12 15:00:55] [INFO]   PID 1 (State: 0)
[2025-04-12 15:00:55] [INFO]   PID 0 (State: 0)
[2025-04-12 15:00:55] [INFO] Medium Priority Queue:
[2025-04-12 15:00:55] [INFO] Low Priority Queue:
[2025-04-12 15:00:55] [INFO] Sleeping Queue:
[2025-04-12 15:00:55] [INFO] Terminated Queue:
[2025-04-12 15:00:55] [INFO] ========================
[2025-04-12 15:00:55] [INFO] Adding PID 7 (priority 0) at address 0xffffa0001b70
[2025-04-12 15:00:55] [INFO] === Current Queue State ===
[2025-04-12 15:00:55] [INFO] High Priority Queue:
[2025-04-12 15:00:55] [INFO]   PID 1 (State: 0)
[2025-04-12 15:00:55] [INFO]   PID 0 (State: 0)
[2025-04-12 15:00:55] [INFO] Medium Priority Queue:
[2025-04-12 15:00:55] [INFO] Low Priority Queue:
[2025-04-12 15:00:55] [INFO] Sleeping Queue:
[2025-04-12 15:00:55] [INFO] Terminated Queue:
[2025-04-12 15:00:55] [INFO] ========================
[2025-04-12 15:00:55] [INFO] Parent PID 1
