[2025-04-09 21:30:01] [INFO] Starting scheduler test...
[2025-04-09 21:30:01] [INFO] Scheduler initialized
[2025-04-09 21:30:01] [INFO] Spawning process 1
[2025-04-09 21:30:01] [INFO] Spawning process 2
[2025-04-09 21:30:01] [INFO] Spawning process 3
[2025-04-09 21:30:01] [INFO] Spawned child process with pid 1
[2025-04-09 21:30:01] [INFO] Spawned child process with pid 2
[2025-04-09 21:30:01] [INFO] Spawned child process with pid 3
[2025-04-09 21:30:01] [INFO] PROC PID 1
[2025-04-09 21:30:01] [INFO] PROC PID 2
[2025-04-09 21:30:01] [INFO] PROC PID 3
[2025-04-09 21:30:01] [INFO] Setting priority of process 3 to 0
[2025-04-09 21:30:01] [INFO] PROC PID 1
[2025-04-09 21:30:01] [INFO] PROC PID 2
[2025-04-09 21:30:01] [INFO] === Current Queue State ===
[2025-04-09 21:30:01] [INFO] High Priority Queue:
[2025-04-09 21:30:01] [INFO]   PID 3 (State: 0)
[2025-04-09 21:30:01] [INFO] Medium Priority Queue:
[2025-04-09 21:30:01] [INFO]   PID 0 (State: 1)
[2025-04-09 21:30:01] [INFO]   PID 1 (State: 0)
[2025-04-09 21:30:01] [INFO]   PID 2 (State: 0)
[2025-04-09 21:30:01] [INFO] Low Priority Queue:
[2025-04-09 21:30:01] [INFO] Sleeping Queue:
[2025-04-09 21:30:01] [INFO] Terminated Queue:
[2025-04-09 21:30:01] [INFO] ========================
[2025-04-09 21:30:01] [INFO] CURRENT: 0
[2025-04-09 21:30:01] [INFO] Running high priority process
[2025-04-09 21:30:01] [INFO] ****Child process 3 started
[2025-04-09 21:30:01] [INFO] *****Child process 3 iteration 0
[2025-04-09 21:30:01] [INFO] === Current Queue State ===
[2025-04-09 21:30:01] [INFO] High Priority Queue:
[2025-04-09 21:30:01] [INFO]   PID 3 (State: 0)
[2025-04-09 21:30:01] [INFO] Medium Priority Queue:
[2025-04-09 21:30:01] [INFO]   PID 0 (State: 1)
[2025-04-09 21:30:01] [INFO]   PID 1 (State: 0)
[2025-04-09 21:30:01] [INFO]   PID 2 (State: 0)
[2025-04-09 21:30:01] [INFO] Low Priority Queue:
[2025-04-09 21:30:01] [INFO] Sleeping Queue:
[2025-04-09 21:30:01] [INFO] Terminated Queue:
[2025-04-09 21:30:01] [INFO] ========================
[2025-04-09 21:30:01] [INFO] CURRENT: 1
[2025-04-09 21:30:01] [INFO] Running high priority process
[2025-04-09 21:30:01] [INFO] *****Child process 3 iteration 1
[2025-04-09 21:30:01] [INFO] === Current Queue State ===
[2025-04-09 21:30:01] [INFO] High Priority Queue:
[2025-04-09 21:30:01] [INFO]   PID 3 (State: 0)
[2025-04-09 21:30:01] [INFO] Medium Priority Queue:
[2025-04-09 21:30:01] [INFO]   PID 0 (State: 1)
[2025-04-09 21:30:01] [INFO]   PID 1 (State: 0)
[2025-04-09 21:30:01] [INFO]   PID 2 (State: 0)
[2025-04-09 21:30:01] [INFO] Low Priority Queue:
[2025-04-09 21:30:01] [INFO] Sleeping Queue:
[2025-04-09 21:30:01] [INFO] Terminated Queue:
[2025-04-09 21:30:01] [INFO] ========================
[2025-04-09 21:30:01] [INFO] CURRENT: 2
[2025-04-09 21:30:01] [INFO] Running high priority process
[2025-04-09 21:30:01] [INFO] *****Child process 3 iteration 2
[2025-04-09 21:30:02] [INFO] === Current Queue State ===
[2025-04-09 21:30:02] [INFO] High Priority Queue:
[2025-04-09 21:30:02] [INFO]   PID 3 (State: 0)
[2025-04-09 21:30:02] [INFO] Medium Priority Queue:
[2025-04-09 21:30:02] [INFO]   PID 0 (State: 1)
[2025-04-09 21:30:02] [INFO]   PID 1 (State: 0)
[2025-04-09 21:30:02] [INFO]   PID 2 (State: 0)
[2025-04-09 21:30:02] [INFO] Low Priority Queue:
[2025-04-09 21:30:02] [INFO] Sleeping Queue:
[2025-04-09 21:30:02] [INFO] Terminated Queue:
[2025-04-09 21:30:02] [INFO] ========================
[2025-04-09 21:30:02] [INFO] CURRENT: 3
[2025-04-09 21:30:02] [INFO] Running high priority process
[2025-04-09 21:30:02] [INFO] *****Child process 3 iteration 3
[2025-04-09 21:30:02] [INFO] === Current Queue State ===
[2025-04-09 21:30:02] [INFO] High Priority Queue:
[2025-04-09 21:30:02] [INFO]   PID 3 (State: 0)
[2025-04-09 21:30:02] [INFO] Medium Priority Queue:
[2025-04-09 21:30:02] [INFO]   PID 0 (State: 1)
[2025-04-09 21:30:02] [INFO]   PID 1 (State: 0)
[2025-04-09 21:30:02] [INFO]   PID 2 (State: 0)
[2025-04-09 21:30:02] [INFO] Low Priority Queue:
[2025-04-09 21:30:02] [INFO] Sleeping Queue:
[2025-04-09 21:30:02] [INFO] Terminated Queue:
[2025-04-09 21:30:02] [INFO] ========================
[2025-04-09 21:30:02] [INFO] CURRENT: 4
[2025-04-09 21:30:02] [INFO] Running high priority process
[2025-04-09 21:30:02] [INFO] *****Child process 3 iteration 4
[2025-04-09 21:30:02] [INFO] === Current Queue State ===
[2025-04-09 21:30:02] [INFO] High Priority Queue:
[2025-04-09 21:30:02] [INFO]   PID 3 (State: 0)
[2025-04-09 21:30:02] [INFO] Medium Priority Queue:
[2025-04-09 21:30:02] [INFO]   PID 0 (State: 1)
[2025-04-09 21:30:02] [INFO]   PID 1 (State: 0)
[2025-04-09 21:30:02] [INFO]   PID 2 (State: 0)
[2025-04-09 21:30:02] [INFO] Low Priority Queue:
[2025-04-09 21:30:02] [INFO] Sleeping Queue:
[2025-04-09 21:30:02] [INFO] Terminated Queue:
[2025-04-09 21:30:02] [INFO] ========================
[2025-04-09 21:30:02] [INFO] CURRENT: 5
[2025-04-09 21:30:02] [INFO] Running high priority process
[2025-04-09 21:30:02] [INFO] *****Child process 3 iteration 5
[2025-04-09 21:30:02] [INFO] === Current Queue State ===
[2025-04-09 21:30:02] [INFO] High Priority Queue:
[2025-04-09 21:30:02] [INFO]   PID 3 (State: 0)
[2025-04-09 21:30:02] [INFO] Medium Priority Queue:
[2025-04-09 21:30:02] [INFO]   PID 0 (State: 1)
[2025-04-09 21:30:02] [INFO]   PID 1 (State: 0)
[2025-04-09 21:30:02] [INFO]   PID 2 (State: 0)
[2025-04-09 21:30:02] [INFO] Low Priority Queue:
[2025-04-09 21:30:02] [INFO] Sleeping Queue:
[2025-04-09 21:30:02] [INFO] Terminated Queue:
[2025-04-09 21:30:02] [INFO] ========================
[2025-04-09 21:30:02] [INFO] CURRENT: 6
[2025-04-09 21:30:02] [INFO] Running high priority process
[2025-04-09 21:30:02] [INFO] *****Child process 3 iteration 6
[2025-04-09 21:30:02] [INFO] === Current Queue State ===
[2025-04-09 21:30:02] [INFO] High Priority Queue:
[2025-04-09 21:30:02] [INFO]   PID 3 (State: 0)
[2025-04-09 21:30:02] [INFO] Medium Priority Queue:
[2025-04-09 21:30:02] [INFO]   PID 0 (State: 1)
[2025-04-09 21:30:02] [INFO]   PID 1 (State: 0)
[2025-04-09 21:30:02] [INFO]   PID 2 (State: 0)
[2025-04-09 21:30:02] [INFO] Low Priority Queue:
[2025-04-09 21:30:02] [INFO] Sleeping Queue:
[2025-04-09 21:30:02] [INFO] Terminated Queue:
[2025-04-09 21:30:02] [INFO] ========================
[2025-04-09 21:30:02] [INFO] CURRENT: 7
[2025-04-09 21:30:02] [INFO] Running high priority process
[2025-04-09 21:30:02] [INFO] *****Child process 3 iteration 7
[2025-04-09 21:30:03] [INFO] === Current Queue State ===
[2025-04-09 21:30:03] [INFO] High Priority Queue:
[2025-04-09 21:30:03] [INFO]   PID 3 (State: 0)
[2025-04-09 21:30:03] [INFO] Medium Priority Queue:
[2025-04-09 21:30:03] [INFO]   PID 0 (State: 1)
[2025-04-09 21:30:03] [INFO]   PID 1 (State: 0)
[2025-04-09 21:30:03] [INFO]   PID 2 (State: 0)
[2025-04-09 21:30:03] [INFO] Low Priority Queue:
[2025-04-09 21:30:03] [INFO] Sleeping Queue:
[2025-04-09 21:30:03] [INFO] Terminated Queue:
[2025-04-09 21:30:03] [INFO] ========================
[2025-04-09 21:30:03] [INFO] CURRENT: 8
[2025-04-09 21:30:03] [INFO] Running high priority process
[2025-04-09 21:30:03] [INFO] *****Child process 3 iteration 8
